# JRE version: 7.0_07-b11
# Java VM: Java HotSpot(TM) 64-Bit Server VM (23.3-b01 mixed mode windows-amd64 compressed oops)
Heap
 PSYoungGen      total 229824K, used 38567K [0x00000000eaab0000, 0x00000000ffce0000, 0x0000000100000000)
  eden space 116544K, 24% used [0x00000000eaab0000,0x00000000ec6048d8,0x00000000f1c80000)
  from space 113280K, 9% used [0x00000000f8e40000,0x00000000f9895550,0x00000000ffce0000)
  to   space 114880K, 0% used [0x00000000f1c80000,0x00000000f1c80000,0x00000000f8cb0000)
 ParOldGen       total 199040K, used 199037K [0x00000000c0000000, 0x00000000cc260000, 0x00000000eaab0000)
  object space 199040K, 99% used [0x00000000c0000000,0x00000000cc25f698,0x00000000cc260000)
 PSPermGen       total 21248K, used 5575K [0x00000000bae00000, 0x00000000bc2c0000, 0x00000000c0000000)
  object space 21248K, 26% used [0x00000000bae00000,0x00000000bb371ef8,0x00000000bc2c0000)
GC Heap History (10 events):
Event: 62.193 GC heap before
{Heap before GC invocations=23 (full 4):
 PSYoungGen      total 237248K, used 198058K [0x00000000eaab0000, 0x00000000ff8f0000, 0x0000000100000000)
  eden space 143872K, 100% used [0x00000000eaab0000,0x00000000f3730000,0x00000000f3730000)
  from space 93376K, 58% used [0x00000000f9dc0000,0x00000000fd2aa940,0x00000000ff8f0000)
  to   space 99200K, 0% used [0x00000000f3730000,0x00000000f3730000,0x00000000f9810000)
 ParOldGen       total 199040K, used 123197K [0x00000000c0000000, 0x00000000cc260000, 0x00000000eaab0000)
  object space 199040K, 61% used [0x00000000c0000000,0x00000000c784f458,0x00000000cc260000)
 PSPermGen       total 21248K, used 5527K [0x00000000bae00000, 0x00000000bc2c0000, 0x00000000c0000000)
  object space 21248K, 26% used [0x00000000bae00000,0x00000000bb365d78,0x00000000bc2c0000)
Event: 62.915 GC heap after
Heap after GC invocations=23 (full 4):
 PSYoungGen      total 243072K, used 73808K [0x00000000eaab0000, 0x0000000100000000, 0x0000000100000000)
  eden space 143872K, 0% used [0x00000000eaab0000,0x00000000eaab0000,0x00000000f3730000)
  from space 99200K, 74% used [0x00000000f3730000,0x00000000f7f441e0,0x00000000f9810000)
  to   space 104832K, 0% used [0x00000000f99a0000,0x00000000f99a0000,0x0000000100000000)
 ParOldGen       total 199040K, used 123197K [0x00000000c0000000, 0x00000000cc260000, 0x00000000eaab0000)
  object space 199040K, 61% used [0x00000000c0000000,0x00000000c784f458,0x00000000cc260000)
 PSPermGen       total 21248K, used 5527K [0x00000000bae00000, 0x00000000bc2c0000, 0x00000000c0000000)
  object space 21248K, 26% used [0x00000000bae00000,0x00000000bb365d78,0x00000000bc2c0000)
}
Event: 65.383 GC heap before
{Heap before GC invocations=24 (full 4):
 PSYoungGen      total 243072K, used 217680K [0x00000000eaab0000, 0x0000000100000000, 0x0000000100000000)
  eden space 143872K, 100% used [0x00000000eaab0000,0x00000000f3730000,0x00000000f3730000)
  from space 99200K, 74% used [0x00000000f3730000,0x00000000f7f441e0,0x00000000f9810000)
  to   space 104832K, 0% used [0x00000000f99a0000,0x00000000f99a0000,0x0000000100000000)
 ParOldGen       total 199040K, used 123197K [0x00000000c0000000, 0x00000000cc260000, 0x00000000eaab0000)
  object space 199040K, 61% used [0x00000000c0000000,0x00000000c784f458,0x00000000cc260000)
 PSPermGen       total 21248K, used 5549K [0x00000000bae00000, 0x00000000bc2c0000, 0x00000000c0000000)
  object space 21248K, 26% used [0x00000000bae00000,0x00000000bb36b7c0,0x00000000bc2c0000)
Event: 66.180 GC heap after
Heap after GC invocations=24 (full 4):
 PSYoungGen      total 221376K, used 94661K [0x00000000eaab0000, 0x0000000100000000, 0x0000000100000000)
  eden space 116544K, 0% used [0x00000000eaab0000,0x00000000eaab0000,0x00000000f1c80000)
  from space 104832K, 90% used [0x00000000f99a0000,0x00000000ff611768,0x0000000100000000)
  to   space 116480K, 0% used [0x00000000f1c80000,0x00000000f1c80000,0x00000000f8e40000)
 ParOldGen       total 199040K, used 123197K [0x00000000c0000000, 0x00000000cc260000, 0x00000000eaab0000)
  object space 199040K, 61% used [0x00000000c0000000,0x00000000c784f458,0x00000000cc260000)
 PSPermGen       total 21248K, used 5549K [0x00000000bae00000, 0x00000000bc2c0000, 0x00000000c0000000)
  object space 21248K, 26% used [0x00000000bae00000,0x00000000bb36b7c0,0x00000000bc2c0000)
}
Event: 68.145 GC heap before
{Heap before GC invocations=25 (full 4):
 PSYoungGen      total 221376K, used 211205K [0x00000000eaab0000, 0x0000000100000000, 0x0000000100000000)
  eden space 116544K, 100% used [0x00000000eaab0000,0x00000000f1c80000,0x00000000f1c80000)
  from space 104832K, 90% used [0x00000000f99a0000,0x00000000ff611768,0x0000000100000000)
  to   space 116480K, 0% used [0x00000000f1c80000,0x00000000f1c80000,0x00000000f8e40000)
 ParOldGen       total 199040K, used 123197K [0x00000000c0000000, 0x00000000cc260000, 0x00000000eaab0000)
  object space 199040K, 61% used [0x00000000c0000000,0x00000000c784f458,0x00000000cc260000)
 PSPermGen       total 21248K, used 5562K [0x00000000bae00000, 0x00000000bc2c0000, 0x00000000c0000000)
  object space 21248K, 26% used [0x00000000bae00000,0x00000000bb36ea08,0x00000000bc2c0000)
Event: 68.616 GC heap after
Heap after GC invocations=25 (full 4):
 PSYoungGen      total 233024K, used 79213K [0x00000000eaab0000, 0x0000000100000000, 0x0000000100000000)
  eden space 116544K, 0% used [0x00000000eaab0000,0x00000000eaab0000,0x00000000f1c80000)
  from space 116480K, 68% used [0x00000000f1c80000,0x00000000f69db420,0x00000000f8e40000)
  to   space 116480K, 0% used [0x00000000f8e40000,0x00000000f8e40000,0x0000000100000000)
 ParOldGen       total 199040K, used 155795K [0x00000000c0000000, 0x00000000cc260000, 0x00000000eaab0000)
  object space 199040K, 78% used [0x00000000c0000000,0x00000000c9824ca8,0x00000000cc260000)
 PSPermGen       total 21248K, used 5562K [0x00000000bae00000, 0x00000000bc2c0000, 0x00000000c0000000)
  object space 21248K, 26% used [0x00000000bae00000,0x00000000bb36ea08,0x00000000bc2c0000)
}
Event: 69.922 GC heap before
{Heap before GC invocations=26 (full 4):
 PSYoungGen      total 233024K, used 195757K [0x00000000eaab0000, 0x0000000100000000, 0x0000000100000000)
  eden space 116544K, 100% used [0x00000000eaab0000,0x00000000f1c80000,0x00000000f1c80000)
  from space 116480K, 68% used [0x00000000f1c80000,0x00000000f69db420,0x00000000f8e40000)
  to   space 116480K, 0% used [0x00000000f8e40000,0x00000000f8e40000,0x0000000100000000)
 ParOldGen       total 199040K, used 155795K [0x00000000c0000000, 0x00000000cc260000, 0x00000000eaab0000)
  object space 199040K, 78% used [0x00000000c0000000,0x00000000c9824ca8,0x00000000cc260000)
 PSPermGen       total 21248K, used 5567K [0x00000000bae00000, 0x00000000bc2c0000, 0x00000000c0000000)
  object space 21248K, 26% used [0x00000000bae00000,0x00000000bb36ffe0,0x00000000bc2c0000)
Event: 70.524 GC heap after
Heap after GC invocations=26 (full 4):
 PSYoungGen      total 229824K, used 56496K [0x00000000eaab0000, 0x00000000ffce0000, 0x0000000100000000)
  eden space 116544K, 0% used [0x00000000eaab0000,0x00000000eaab0000,0x00000000f1c80000)
  from space 113280K, 49% used [0x00000000f8e40000,0x00000000fc56c158,0x00000000ffce0000)
  to   space 114880K, 0% used [0x00000000f1c80000,0x00000000f1c80000,0x00000000f8cb0000)
 ParOldGen       total 199040K, used 196553K [0x00000000c0000000, 0x00000000cc260000, 0x00000000eaab0000)
  object space 199040K, 98% used [0x00000000c0000000,0x00000000cbff27d8,0x00000000cc260000)
 PSPermGen       total 21248K, used 5567K [0x00000000bae00000, 0x00000000bc2c0000, 0x00000000c0000000)
  object space 21248K, 26% used [0x00000000bae00000,0x00000000bb36ffe0,0x00000000bc2c0000)
}
Event: 70.524 GC heap before
{Heap before GC invocations=27 (full 5):
 PSYoungGen      total 229824K, used 56496K [0x00000000eaab0000, 0x00000000ffce0000, 0x0000000100000000)
  eden space 116544K, 0% used [0x00000000eaab0000,0x00000000eaab0000,0x00000000f1c80000)
  from space 113280K, 49% used [0x00000000f8e40000,0x00000000fc56c158,0x00000000ffce0000)
  to   space 114880K, 0% used [0x00000000f1c80000,0x00000000f1c80000,0x00000000f8cb0000)
 ParOldGen       total 199040K, used 196553K [0x00000000c0000000, 0x00000000cc260000, 0x00000000eaab0000)
  object space 199040K, 98% used [0x00000000c0000000,0x00000000cbff27d8,0x00000000cc260000)
 PSPermGen       total 21248K, used 5567K [0x00000000bae00000, 0x00000000bc2c0000, 0x00000000c0000000)
  object space 21248K, 26% used [0x00000000bae00000,0x00000000bb36ffe0,0x00000000bc2c0000)
Event: 74.789 GC heap after
Heap after GC invocations=27 (full 5):
 PSYoungGen      total 229824K, used 10581K [0x00000000eaab0000, 0x00000000ffce0000, 0x0000000100000000)
  eden space 116544K, 0% used [0x00000000eaab0000,0x00000000eaab0000,0x00000000f1c80000)
  from space 113280K, 9% used [0x00000000f8e40000,0x00000000f9895550,0x00000000ffce0000)
  to   space 114880K, 0% used [0x00000000f1c80000,0x00000000f1c80000,0x00000000f8cb0000)
 ParOldGen       total 199040K, used 199037K [0x00000000c0000000, 0x00000000cc260000, 0x00000000eaab0000)
  object space 199040K, 99% used [0x00000000c0000000,0x00000000cc25f698,0x00000000cc260000)
 PSPermGen       total 21248K, used 5567K [0x00000000bae00000, 0x00000000bc2c0000, 0x00000000c0000000)
  object space 21248K, 26% used [0x00000000bae00000,0x00000000bb36fc20,0x00000000bc2c0000)
}

