# JRE version: 7.0_09-b05
# Java VM: Java HotSpot(TM) 64-Bit Server VM (23.5-b02 mixed mode windows-amd64 compressed oops)
Heap
 PSYoungGen      total 105408K, used 19404K [0x00000000eaab0000, 0x00000000f3840000, 0x0000000100000000)
  eden space 81664K, 1% used [0x00000000eaab0000,0x00000000eabf37c8,0x00000000efa70000)
  from space 23744K, 76% used [0x00000000f2110000,0x00000000f32bfb00,0x00000000f3840000)
  to   space 22912K, 0% used [0x00000000efa70000,0x00000000efa70000,0x00000000f10d0000)
 ParOldGen       total 94272K, used 74009K [0x00000000c0000000, 0x00000000c5c10000, 0x00000000eaab0000)
  object space 94272K, 78% used [0x00000000c0000000,0x00000000c48465c0,0x00000000c5c10000)
 PSPermGen       total 98112K, used 67658K [0x00000000b0000000, 0x00000000b5fd0000, 0x00000000c0000000)
  object space 98112K, 68% used [0x00000000b0000000,0x00000000b4212880,0x00000000b5fd0000)
GC Heap History (10 events):
Event: 1213.592 GC heap before
{Heap before GC invocations=40 (full 3):
 PSYoungGen      total 86720K, used 75318K [0x00000000eaab0000, 0x00000000f1130000, 0x0000000100000000)
  eden space 70464K, 100% used [0x00000000eaab0000,0x00000000eef80000,0x00000000eef80000)
  from space 16256K, 29% used [0x00000000f0040000,0x00000000f04fdb58,0x00000000f1020000)
  to   space 17152K, 0% used [0x00000000eef80000,0x00000000eef80000,0x00000000f0040000)
 ParOldGen       total 94272K, used 55551K [0x00000000c0000000, 0x00000000c5c10000, 0x00000000eaab0000)
  object space 94272K, 58% used [0x00000000c0000000,0x00000000c363fe18,0x00000000c5c10000)
 PSPermGen       total 98112K, used 53614K [0x00000000b0000000, 0x00000000b5fd0000, 0x00000000c0000000)
  object space 98112K, 54% used [0x00000000b0000000,0x00000000b345bbf0,0x00000000b5fd0000)
Event: 1213.702 GC heap after
Heap after GC invocations=40 (full 3):
 PSYoungGen      total 87616K, used 7988K [0x00000000eaab0000, 0x00000000f1540000, 0x0000000100000000)
  eden space 70464K, 0% used [0x00000000eaab0000,0x00000000eaab0000,0x00000000eef80000)
  from space 17152K, 46% used [0x00000000eef80000,0x00000000ef74d340,0x00000000f0040000)
  to   space 16640K, 0% used [0x00000000f0500000,0x00000000f0500000,0x00000000f1540000)
 ParOldGen       total 94272K, used 55559K [0x00000000c0000000, 0x00000000c5c10000, 0x00000000eaab0000)
  object space 94272K, 58% used [0x00000000c0000000,0x00000000c3641e18,0x00000000c5c10000)
 PSPermGen       total 98112K, used 53614K [0x00000000b0000000, 0x00000000b5fd0000, 0x00000000c0000000)
  object space 98112K, 54% used [0x00000000b0000000,0x00000000b345bbf0,0x00000000b5fd0000)
}
Event: 1215.912 GC heap before
{Heap before GC invocations=41 (full 3):
 PSYoungGen      total 87616K, used 78452K [0x00000000eaab0000, 0x00000000f1540000, 0x0000000100000000)
  eden space 70464K, 100% used [0x00000000eaab0000,0x00000000eef80000,0x00000000eef80000)
  from space 17152K, 46% used [0x00000000eef80000,0x00000000ef74d340,0x00000000f0040000)
  to   space 16640K, 0% used [0x00000000f0500000,0x00000000f0500000,0x00000000f1540000)
 ParOldGen       total 94272K, used 55559K [0x00000000c0000000, 0x00000000c5c10000, 0x00000000eaab0000)
  object space 94272K, 58% used [0x00000000c0000000,0x00000000c3641e18,0x00000000c5c10000)
 PSPermGen       total 98112K, used 57977K [0x00000000b0000000, 0x00000000b5fd0000, 0x00000000c0000000)
  object space 98112K, 59% used [0x00000000b0000000,0x00000000b389e428,0x00000000b5fd0000)
Event: 1216.008 GC heap after
Heap after GC invocations=41 (full 3):
 PSYoungGen      total 89664K, used 16628K [0x00000000eaab0000, 0x00000000f1e20000, 0x0000000100000000)
  eden space 73024K, 0% used [0x00000000eaab0000,0x00000000eaab0000,0x00000000ef200000)
  from space 16640K, 99% used [0x00000000f0500000,0x00000000f153d218,0x00000000f1540000)
  to   space 19456K, 0% used [0x00000000ef200000,0x00000000ef200000,0x00000000f0500000)
 ParOldGen       total 94272K, used 56102K [0x00000000c0000000, 0x00000000c5c10000, 0x00000000eaab0000)
  object space 94272K, 59% used [0x00000000c0000000,0x00000000c36c9800,0x00000000c5c10000)
 PSPermGen       total 98112K, used 57977K [0x00000000b0000000, 0x00000000b5fd0000, 0x00000000c0000000)
  object space 98112K, 59% used [0x00000000b0000000,0x00000000b389e428,0x00000000b5fd0000)
}
Event: 1227.071 GC heap before
{Heap before GC invocations=42 (full 3):
 PSYoungGen      total 89664K, used 89652K [0x00000000eaab0000, 0x00000000f1e20000, 0x0000000100000000)
  eden space 73024K, 100% used [0x00000000eaab0000,0x00000000ef200000,0x00000000ef200000)
  from space 16640K, 99% used [0x00000000f0500000,0x00000000f153d218,0x00000000f1540000)
  to   space 19456K, 0% used [0x00000000ef200000,0x00000000ef200000,0x00000000f0500000)
 ParOldGen       total 94272K, used 56102K [0x00000000c0000000, 0x00000000c5c10000, 0x00000000eaab0000)
  object space 94272K, 59% used [0x00000000c0000000,0x00000000c36c9800,0x00000000c5c10000)
 PSPermGen       total 98112K, used 60261K [0x00000000b0000000, 0x00000000b5fd0000, 0x00000000c0000000)
  object space 98112K, 61% used [0x00000000b0000000,0x00000000b3ad9640,0x00000000b5fd0000)
Event: 1227.132 GC heap after
Heap after GC invocations=42 (full 3):
 PSYoungGen      total 92480K, used 19429K [0x00000000eaab0000, 0x00000000f2940000, 0x0000000100000000)
  eden space 73024K, 0% used [0x00000000eaab0000,0x00000000eaab0000,0x00000000ef200000)
  from space 19456K, 99% used [0x00000000ef200000,0x00000000f04f9520,0x00000000f0500000)
  to   space 24128K, 0% used [0x00000000f11b0000,0x00000000f11b0000,0x00000000f2940000)
 ParOldGen       total 94272K, used 60333K [0x00000000c0000000, 0x00000000c5c10000, 0x00000000eaab0000)
  object space 94272K, 63% used [0x00000000c0000000,0x00000000c3aeb650,0x00000000c5c10000)
 PSPermGen       total 98112K, used 60261K [0x00000000b0000000, 0x00000000b5fd0000, 0x00000000c0000000)
  object space 98112K, 61% used [0x00000000b0000000,0x00000000b3ad9640,0x00000000b5fd0000)
}
Event: 2644.385 GC heap before
{Heap before GC invocations=43 (full 3):
 PSYoungGen      total 92480K, used 92453K [0x00000000eaab0000, 0x00000000f2940000, 0x0000000100000000)
  eden space 73024K, 100% used [0x00000000eaab0000,0x00000000ef200000,0x00000000ef200000)
  from space 19456K, 99% used [0x00000000ef200000,0x00000000f04f9520,0x00000000f0500000)
  to   space 24128K, 0% used [0x00000000f11b0000,0x00000000f11b0000,0x00000000f2940000)
 ParOldGen       total 94272K, used 60333K [0x00000000c0000000, 0x00000000c5c10000, 0x00000000eaab0000)
  object space 94272K, 63% used [0x00000000c0000000,0x00000000c3aeb650,0x00000000c5c10000)
 PSPermGen       total 98112K, used 61004K [0x00000000b0000000, 0x00000000b5fd0000, 0x00000000c0000000)
  object space 98112K, 62% used [0x00000000b0000000,0x00000000b3b931b0,0x00000000b5fd0000)
Event: 2668.422 GC heap after
Heap after GC invocations=43 (full 3):
 PSYoungGen      total 103680K, used 8164K [0x00000000eaab0000, 0x00000000f2730000, 0x0000000100000000)
  eden space 81664K, 0% used [0x00000000eaab0000,0x00000000eaab0000,0x00000000efa70000)
  from space 22016K, 37% used [0x00000000f11b0000,0x00000000f19a9028,0x00000000f2730000)
  to   space 22912K, 0% used [0x00000000efa70000,0x00000000efa70000,0x00000000f10d0000)
 ParOldGen       total 94272K, used 69345K [0x00000000c0000000, 0x00000000c5c10000, 0x00000000eaab0000)
  object space 94272K, 73% used [0x00000000c0000000,0x00000000c43b8500,0x00000000c5c10000)
 PSPermGen       total 98112K, used 61004K [0x00000000b0000000, 0x00000000b5fd0000, 0x00000000c0000000)
  object space 98112K, 62% used [0x00000000b0000000,0x00000000b3b931b0,0x00000000b5fd0000)
}
Event: 2703.092 GC heap before
{Heap before GC invocations=44 (full 3):
 PSYoungGen      total 103680K, used 89828K [0x00000000eaab0000, 0x00000000f2730000, 0x0000000100000000)
  eden space 81664K, 100% used [0x00000000eaab0000,0x00000000efa70000,0x00000000efa70000)
  from space 22016K, 37% used [0x00000000f11b0000,0x00000000f19a9028,0x00000000f2730000)
  to   space 22912K, 0% used [0x00000000efa70000,0x00000000efa70000,0x00000000f10d0000)
 ParOldGen       total 94272K, used 69345K [0x00000000c0000000, 0x00000000c5c10000, 0x00000000eaab0000)
  object space 94272K, 73% used [0x00000000c0000000,0x00000000c43b8500,0x00000000c5c10000)
 PSPermGen       total 98112K, used 65143K [0x00000000b0000000, 0x00000000b5fd0000, 0x00000000c0000000)
  object space 98112K, 66% used [0x00000000b0000000,0x00000000b3f9dca8,0x00000000b5fd0000)
Event: 2710.542 GC heap after
Heap after GC invocations=44 (full 3):
 PSYoungGen      total 104576K, used 15246K [0x00000000eaab0000, 0x00000000f3840000, 0x0000000100000000)
  eden space 81664K, 0% used [0x00000000eaab0000,0x00000000eaab0000,0x00000000efa70000)
  from space 22912K, 66% used [0x00000000efa70000,0x00000000f0953848,0x00000000f10d0000)
  to   space 23744K, 0% used [0x00000000f2110000,0x00000000f2110000,0x00000000f3840000)
 ParOldGen       total 94272K, used 69345K [0x00000000c0000000, 0x00000000c5c10000, 0x00000000eaab0000)
  object space 94272K, 73% used [0x00000000c0000000,0x00000000c43b8500,0x00000000c5c10000)
 PSPermGen       total 98112K, used 65143K [0x00000000b0000000, 0x00000000b5fd0000, 0x00000000c0000000)
  object space 98112K, 66% used [0x00000000b0000000,0x00000000b3f9dca8,0x00000000b5fd0000)
}

