# JRE version: 7.0_07-b11
# Java VM: Java HotSpot(TM) 64-Bit Server VM (23.3-b01 mixed mode windows-amd64 compressed oops)
Heap
 PSYoungGen      total 95488K, used 43804K [0x00000000eaab0000, 0x00000000f2aa0000, 0x0000000100000000)
  eden space 70848K, 61% used [0x00000000eaab0000,0x00000000ed577098,0x00000000eefe0000)
  from space 24640K, 0% used [0x00000000eefe0000,0x00000000eefe0000,0x00000000f07f0000)
  to   space 20800K, 0% used [0x00000000f07f0000,0x00000000f07f0000,0x00000000f1c40000)
 ParOldGen       total 96832K, used 52146K [0x00000000c0000000, 0x00000000c5e90000, 0x00000000eaab0000)
  object space 96832K, 53% used [0x00000000c0000000,0x00000000c32ecb78,0x00000000c5e90000)
 PSPermGen       total 21248K, used 5344K [0x00000000bae00000, 0x00000000bc2c0000, 0x00000000c0000000)
  object space 21248K, 25% used [0x00000000bae00000,0x00000000bb338300,0x00000000bc2c0000)
GC Heap History (10 events):
Event: 17.528 GC heap before
{Heap before GC invocations=5 (full 1):
 PSYoungGen      total 26432K, used 24448K [0x00000000eaab0000, 0x00000000ede50000, 0x0000000100000000)
  eden space 24448K, 100% used [0x00000000eaab0000,0x00000000ec290000,0x00000000ec290000)
  from space 1984K, 0% used [0x00000000ec290000,0x00000000ec290000,0x00000000ec480000)
  to   space 1984K, 0% used [0x00000000edc60000,0x00000000edc60000,0x00000000ede50000)
 ParOldGen       total 65536K, used 30519K [0x00000000c0000000, 0x00000000c4000000, 0x00000000eaab0000)
  object space 65536K, 46% used [0x00000000c0000000,0x00000000c1dcdfa8,0x00000000c4000000)
 PSPermGen       total 21248K, used 5052K [0x00000000bae00000, 0x00000000bc2c0000, 0x00000000c0000000)
  object space 21248K, 23% used [0x00000000bae00000,0x00000000bb2ef020,0x00000000bc2c0000)
Event: 17.549 GC heap after
Heap after GC invocations=5 (full 1):
 PSYoungGen      total 45312K, used 1984K [0x00000000eaab0000, 0x00000000ede50000, 0x0000000100000000)
  eden space 43328K, 0% used [0x00000000eaab0000,0x00000000eaab0000,0x00000000ed500000)
  from space 1984K, 100% used [0x00000000edc60000,0x00000000ede50000,0x00000000ede50000)
  to   space 1984K, 0% used [0x00000000eda70000,0x00000000eda70000,0x00000000edc60000)
 ParOldGen       total 65536K, used 38495K [0x00000000c0000000, 0x00000000c4000000, 0x00000000eaab0000)
  object space 65536K, 58% used [0x00000000c0000000,0x00000000c2597fa8,0x00000000c4000000)
 PSPermGen       total 21248K, used 5052K [0x00000000bae00000, 0x00000000bc2c0000, 0x00000000c0000000)
  object space 21248K, 23% used [0x00000000bae00000,0x00000000bb2ef020,0x00000000bc2c0000)
}
Event: 19.714 GC heap before
{Heap before GC invocations=6 (full 1):
 PSYoungGen      total 45312K, used 45312K [0x00000000eaab0000, 0x00000000ede50000, 0x0000000100000000)
  eden space 43328K, 100% used [0x00000000eaab0000,0x00000000ed500000,0x00000000ed500000)
  from space 1984K, 100% used [0x00000000edc60000,0x00000000ede50000,0x00000000ede50000)
  to   space 1984K, 0% used [0x00000000eda70000,0x00000000eda70000,0x00000000edc60000)
 ParOldGen       total 65536K, used 38495K [0x00000000c0000000, 0x00000000c4000000, 0x00000000eaab0000)
  object space 65536K, 58% used [0x00000000c0000000,0x00000000c2597fa8,0x00000000c4000000)
 PSPermGen       total 21248K, used 5170K [0x00000000bae00000, 0x00000000bc2c0000, 0x00000000c0000000)
  object space 21248K, 24% used [0x00000000bae00000,0x00000000bb30cbc8,0x00000000bc2c0000)
Event: 19.763 GC heap after
Heap after GC invocations=6 (full 1):
 PSYoungGen      total 50880K, used 1984K [0x00000000eaab0000, 0x00000000f1c40000, 0x0000000100000000)
  eden space 48896K, 0% used [0x00000000eaab0000,0x00000000eaab0000,0x00000000eda70000)
  from space 1984K, 100% used [0x00000000eda70000,0x00000000edc60000,0x00000000edc60000)
  to   space 20800K, 0% used [0x00000000f07f0000,0x00000000f07f0000,0x00000000f1c40000)
 ParOldGen       total 65536K, used 42864K [0x00000000c0000000, 0x00000000c4000000, 0x00000000eaab0000)
  object space 65536K, 65% used [0x00000000c0000000,0x00000000c29dc290,0x00000000c4000000)
 PSPermGen       total 21248K, used 5170K [0x00000000bae00000, 0x00000000bc2c0000, 0x00000000c0000000)
  object space 21248K, 24% used [0x00000000bae00000,0x00000000bb30cbc8,0x00000000bc2c0000)
}
Event: 25.366 GC heap before
{Heap before GC invocations=7 (full 1):
 PSYoungGen      total 50880K, used 50880K [0x00000000eaab0000, 0x00000000f1c40000, 0x0000000100000000)
  eden space 48896K, 100% used [0x00000000eaab0000,0x00000000eda70000,0x00000000eda70000)
  from space 1984K, 100% used [0x00000000eda70000,0x00000000edc60000,0x00000000edc60000)
  to   space 20800K, 0% used [0x00000000f07f0000,0x00000000f07f0000,0x00000000f1c40000)
 ParOldGen       total 65536K, used 42864K [0x00000000c0000000, 0x00000000c4000000, 0x00000000eaab0000)
  object space 65536K, 65% used [0x00000000c0000000,0x00000000c29dc290,0x00000000c4000000)
 PSPermGen       total 21248K, used 5331K [0x00000000bae00000, 0x00000000bc2c0000, 0x00000000c0000000)
  object space 21248K, 25% used [0x00000000bae00000,0x00000000bb334de8,0x00000000bc2c0000)
Event: 25.443 GC heap after
Heap after GC invocations=7 (full 1):
 PSYoungGen      total 91648K, used 20588K [0x00000000eaab0000, 0x00000000f2aa0000, 0x0000000100000000)
  eden space 70848K, 0% used [0x00000000eaab0000,0x00000000eaab0000,0x00000000eefe0000)
  from space 20800K, 98% used [0x00000000f07f0000,0x00000000f1c0b168,0x00000000f1c40000)
  to   space 24640K, 0% used [0x00000000eefe0000,0x00000000eefe0000,0x00000000f07f0000)
 ParOldGen       total 65536K, used 42864K [0x00000000c0000000, 0x00000000c4000000, 0x00000000eaab0000)
  object space 65536K, 65% used [0x00000000c0000000,0x00000000c29dc290,0x00000000c4000000)
 PSPermGen       total 21248K, used 5331K [0x00000000bae00000, 0x00000000bc2c0000, 0x00000000c0000000)
  object space 21248K, 25% used [0x00000000bae00000,0x00000000bb334de8,0x00000000bc2c0000)
}
Event: 25.765 GC heap before
{Heap before GC invocations=8 (full 1):
 PSYoungGen      total 91648K, used 91436K [0x00000000eaab0000, 0x00000000f2aa0000, 0x0000000100000000)
  eden space 70848K, 100% used [0x00000000eaab0000,0x00000000eefe0000,0x00000000eefe0000)
  from space 20800K, 98% used [0x00000000f07f0000,0x00000000f1c0b168,0x00000000f1c40000)
  to   space 24640K, 0% used [0x00000000eefe0000,0x00000000eefe0000,0x00000000f07f0000)
 ParOldGen       total 65536K, used 42864K [0x00000000c0000000, 0x00000000c4000000, 0x00000000eaab0000)
  object space 65536K, 65% used [0x00000000c0000000,0x00000000c29dc290,0x00000000c4000000)
 PSPermGen       total 21248K, used 5331K [0x00000000bae00000, 0x00000000bc2c0000, 0x00000000c0000000)
  object space 21248K, 25% used [0x00000000bae00000,0x00000000bb334de8,0x00000000bc2c0000)
Event: 25.925 GC heap after
Heap after GC invocations=8 (full 1):
 PSYoungGen      total 95488K, used 24626K [0x00000000eaab0000, 0x00000000f2aa0000, 0x0000000100000000)
  eden space 70848K, 0% used [0x00000000eaab0000,0x00000000eaab0000,0x00000000eefe0000)
  from space 24640K, 99% used [0x00000000eefe0000,0x00000000f07eca68,0x00000000f07f0000)
  to   space 20800K, 0% used [0x00000000f07f0000,0x00000000f07f0000,0x00000000f1c40000)
 ParOldGen       total 70720K, used 70679K [0x00000000c0000000, 0x00000000c4510000, 0x00000000eaab0000)
  object space 70720K, 99% used [0x00000000c0000000,0x00000000c4505e18,0x00000000c4510000)
 PSPermGen       total 21248K, used 5331K [0x00000000bae00000, 0x00000000bc2c0000, 0x00000000c0000000)
  object space 21248K, 25% used [0x00000000bae00000,0x00000000bb334de8,0x00000000bc2c0000)
}
Event: 25.925 GC heap before
{Heap before GC invocations=9 (full 2):
 PSYoungGen      total 95488K, used 24626K [0x00000000eaab0000, 0x00000000f2aa0000, 0x0000000100000000)
  eden space 70848K, 0% used [0x00000000eaab0000,0x00000000eaab0000,0x00000000eefe0000)
  from space 24640K, 99% used [0x00000000eefe0000,0x00000000f07eca68,0x00000000f07f0000)
  to   space 20800K, 0% used [0x00000000f07f0000,0x00000000f07f0000,0x00000000f1c40000)
 ParOldGen       total 70720K, used 70679K [0x00000000c0000000, 0x00000000c4510000, 0x00000000eaab0000)
  object space 70720K, 99% used [0x00000000c0000000,0x00000000c4505e18,0x00000000c4510000)
 PSPermGen       total 21248K, used 5331K [0x00000000bae00000, 0x00000000bc2c0000, 0x00000000c0000000)
  object space 21248K, 25% used [0x00000000bae00000,0x00000000bb334de8,0x00000000bc2c0000)
Event: 26.555 GC heap after
Heap after GC invocations=9 (full 2):
 PSYoungGen      total 95488K, used 0K [0x00000000eaab0000, 0x00000000f2aa0000, 0x0000000100000000)
  eden space 70848K, 0% used [0x00000000eaab0000,0x00000000eaab0000,0x00000000eefe0000)
  from space 24640K, 0% used [0x00000000eefe0000,0x00000000eefe0000,0x00000000f07f0000)
  to   space 20800K, 0% used [0x00000000f07f0000,0x00000000f07f0000,0x00000000f1c40000)
 ParOldGen       total 96832K, used 52146K [0x00000000c0000000, 0x00000000c5e90000, 0x00000000eaab0000)
  object space 96832K, 53% used [0x00000000c0000000,0x00000000c32ecb78,0x00000000c5e90000)
 PSPermGen       total 21248K, used 5329K [0x00000000bae00000, 0x00000000bc2c0000, 0x00000000c0000000)
  object space 21248K, 25% used [0x00000000bae00000,0x00000000bb3347c8,0x00000000bc2c0000)
}

