# JRE version: 7.0_07-b11
# Java VM: Java HotSpot(TM) 64-Bit Server VM (23.3-b01 mixed mode windows-amd64 compressed oops)
Heap
 PSYoungGen      total 104128K, used 94143K [0x00000000eaab0000, 0x00000000f21f0000, 0x0000000100000000)
  eden space 93824K, 89% used [0x00000000eaab0000,0x00000000efc91978,0x00000000f0650000)
  from space 10304K, 99% used [0x00000000f12e0000,0x00000000f1cee640,0x00000000f1cf0000)
  to   space 12864K, 0% used [0x00000000f0650000,0x00000000f0650000,0x00000000f12e0000)
 ParOldGen       total 32384K, used 19683K [0x00000000c0000000, 0x00000000c1fa0000, 0x00000000eaab0000)
  object space 32384K, 60% used [0x00000000c0000000,0x00000000c1338f90,0x00000000c1fa0000)
 PSPermGen       total 21248K, used 5545K [0x00000000bae00000, 0x00000000bc2c0000, 0x00000000c0000000)
  object space 21248K, 26% used [0x00000000bae00000,0x00000000bb36a648,0x00000000bc2c0000)
GC Heap History (10 events):
Event: 6.488 GC heap before
{Heap before GC invocations=4 (full 0):
 PSYoungGen      total 14208K, used 14176K [0x00000000eaab0000, 0x00000000ec670000, 0x0000000100000000)
  eden space 12224K, 100% used [0x00000000eaab0000,0x00000000eb6a0000,0x00000000eb6a0000)
  from space 1984K, 98% used [0x00000000eb6a0000,0x00000000eb888030,0x00000000eb890000)
  to   space 1984K, 0% used [0x00000000ec480000,0x00000000ec480000,0x00000000ec670000)
 ParOldGen       total 32384K, used 4886K [0x00000000c0000000, 0x00000000c1fa0000, 0x00000000eaab0000)
  object space 32384K, 15% used [0x00000000c0000000,0x00000000c04c5850,0x00000000c1fa0000)
 PSPermGen       total 21248K, used 5343K [0x00000000bae00000, 0x00000000bc2c0000, 0x00000000c0000000)
  object space 21248K, 25% used [0x00000000bae00000,0x00000000bb337ec8,0x00000000bc2c0000)
Event: 6.502 GC heap after
Heap after GC invocations=4 (full 0):
 PSYoungGen      total 26432K, used 1969K [0x00000000eaab0000, 0x00000000ec670000, 0x0000000100000000)
  eden space 24448K, 0% used [0x00000000eaab0000,0x00000000eaab0000,0x00000000ec290000)
  from space 1984K, 99% used [0x00000000ec480000,0x00000000ec66c480,0x00000000ec670000)
  to   space 1984K, 0% used [0x00000000ec290000,0x00000000ec290000,0x00000000ec480000)
 ParOldGen       total 32384K, used 6813K [0x00000000c0000000, 0x00000000c1fa0000, 0x00000000eaab0000)
  object space 32384K, 21% used [0x00000000c0000000,0x00000000c06a7580,0x00000000c1fa0000)
 PSPermGen       total 21248K, used 5343K [0x00000000bae00000, 0x00000000bc2c0000, 0x00000000c0000000)
  object space 21248K, 25% used [0x00000000bae00000,0x00000000bb337ec8,0x00000000bc2c0000)
}
Event: 8.341 GC heap before
{Heap before GC invocations=5 (full 0):
 PSYoungGen      total 26432K, used 26417K [0x00000000eaab0000, 0x00000000ec670000, 0x0000000100000000)
  eden space 24448K, 100% used [0x00000000eaab0000,0x00000000ec290000,0x00000000ec290000)
  from space 1984K, 99% used [0x00000000ec480000,0x00000000ec66c480,0x00000000ec670000)
  to   space 1984K, 0% used [0x00000000ec290000,0x00000000ec290000,0x00000000ec480000)
 ParOldGen       total 32384K, used 6813K [0x00000000c0000000, 0x00000000c1fa0000, 0x00000000eaab0000)
  object space 32384K, 21% used [0x00000000c0000000,0x00000000c06a7580,0x00000000c1fa0000)
 PSPermGen       total 21248K, used 5374K [0x00000000bae00000, 0x00000000bc2c0000, 0x00000000c0000000)
  object space 21248K, 25% used [0x00000000bae00000,0x00000000bb33fac8,0x00000000bc2c0000)
Event: 8.360 GC heap after
Heap after GC invocations=5 (full 0):
 PSYoungGen      total 26432K, used 1984K [0x00000000eaab0000, 0x00000000ee530000, 0x0000000100000000)
  eden space 24448K, 0% used [0x00000000eaab0000,0x00000000eaab0000,0x00000000ec290000)
  from space 1984K, 100% used [0x00000000ec290000,0x00000000ec480000,0x00000000ec480000)
  to   space 5504K, 0% used [0x00000000edfd0000,0x00000000edfd0000,0x00000000ee530000)
 ParOldGen       total 32384K, used 10259K [0x00000000c0000000, 0x00000000c1fa0000, 0x00000000eaab0000)
  object space 32384K, 31% used [0x00000000c0000000,0x00000000c0a04d38,0x00000000c1fa0000)
 PSPermGen       total 21248K, used 5374K [0x00000000bae00000, 0x00000000bc2c0000, 0x00000000c0000000)
  object space 21248K, 25% used [0x00000000bae00000,0x00000000bb33fac8,0x00000000bc2c0000)
}
Event: 9.818 GC heap before
{Heap before GC invocations=6 (full 0):
 PSYoungGen      total 26432K, used 26432K [0x00000000eaab0000, 0x00000000ee530000, 0x0000000100000000)
  eden space 24448K, 100% used [0x00000000eaab0000,0x00000000ec290000,0x00000000ec290000)
  from space 1984K, 100% used [0x00000000ec290000,0x00000000ec480000,0x00000000ec480000)
  to   space 5504K, 0% used [0x00000000edfd0000,0x00000000edfd0000,0x00000000ee530000)
 ParOldGen       total 32384K, used 10259K [0x00000000c0000000, 0x00000000c1fa0000, 0x00000000eaab0000)
  object space 32384K, 31% used [0x00000000c0000000,0x00000000c0a04d38,0x00000000c1fa0000)
 PSPermGen       total 21248K, used 5393K [0x00000000bae00000, 0x00000000bc2c0000, 0x00000000c0000000)
  object space 21248K, 25% used [0x00000000bae00000,0x00000000bb344428,0x00000000bc2c0000)
Event: 9.842 GC heap after
Heap after GC invocations=6 (full 0):
 PSYoungGen      total 53696K, used 5502K [0x00000000eaab0000, 0x00000000ee690000, 0x0000000100000000)
  eden space 48192K, 0% used [0x00000000eaab0000,0x00000000eaab0000,0x00000000ed9c0000)
  from space 5504K, 99% used [0x00000000edfd0000,0x00000000ee52f860,0x00000000ee530000)
  to   space 6208K, 0% used [0x00000000ed9c0000,0x00000000ed9c0000,0x00000000edfd0000)
 ParOldGen       total 32384K, used 10502K [0x00000000c0000000, 0x00000000c1fa0000, 0x00000000eaab0000)
  object space 32384K, 32% used [0x00000000c0000000,0x00000000c0a41a20,0x00000000c1fa0000)
 PSPermGen       total 21248K, used 5393K [0x00000000bae00000, 0x00000000bc2c0000, 0x00000000c0000000)
  object space 21248K, 25% used [0x00000000bae00000,0x00000000bb344428,0x00000000bc2c0000)
}
Event: 12.954 GC heap before
{Heap before GC invocations=7 (full 0):
 PSYoungGen      total 53696K, used 53694K [0x00000000eaab0000, 0x00000000ee690000, 0x0000000100000000)
  eden space 48192K, 100% used [0x00000000eaab0000,0x00000000ed9c0000,0x00000000ed9c0000)
  from space 5504K, 99% used [0x00000000edfd0000,0x00000000ee52f860,0x00000000ee530000)
  to   space 6208K, 0% used [0x00000000ed9c0000,0x00000000ed9c0000,0x00000000edfd0000)
 ParOldGen       total 32384K, used 10502K [0x00000000c0000000, 0x00000000c1fa0000, 0x00000000eaab0000)
  object space 32384K, 32% used [0x00000000c0000000,0x00000000c0a41a20,0x00000000c1fa0000)
 PSPermGen       total 21248K, used 5426K [0x00000000bae00000, 0x00000000bc2c0000, 0x00000000c0000000)
  object space 21248K, 25% used [0x00000000bae00000,0x00000000bb34c888,0x00000000bc2c0000)
Event: 13.088 GC heap after
Heap after GC invocations=7 (full 0):
 PSYoungGen      total 54400K, used 6204K [0x00000000eaab0000, 0x00000000f1cf0000, 0x0000000100000000)
  eden space 48192K, 0% used [0x00000000eaab0000,0x00000000eaab0000,0x00000000ed9c0000)
  from space 6208K, 99% used [0x00000000ed9c0000,0x00000000edfcf2a0,0x00000000edfd0000)
  to   space 10304K, 0% used [0x00000000f12e0000,0x00000000f12e0000,0x00000000f1cf0000)
 ParOldGen       total 32384K, used 17214K [0x00000000c0000000, 0x00000000c1fa0000, 0x00000000eaab0000)
  object space 32384K, 53% used [0x00000000c0000000,0x00000000c10cfad8,0x00000000c1fa0000)
 PSPermGen       total 21248K, used 5426K [0x00000000bae00000, 0x00000000bc2c0000, 0x00000000c0000000)
  object space 21248K, 25% used [0x00000000bae00000,0x00000000bb34c888,0x00000000bc2c0000)
}
Event: 14.319 GC heap before
{Heap before GC invocations=8 (full 0):
 PSYoungGen      total 54400K, used 54396K [0x00000000eaab0000, 0x00000000f1cf0000, 0x0000000100000000)
  eden space 48192K, 100% used [0x00000000eaab0000,0x00000000ed9c0000,0x00000000ed9c0000)
  from space 6208K, 99% used [0x00000000ed9c0000,0x00000000edfcf2a0,0x00000000edfd0000)
  to   space 10304K, 0% used [0x00000000f12e0000,0x00000000f12e0000,0x00000000f1cf0000)
 ParOldGen       total 32384K, used 17214K [0x00000000c0000000, 0x00000000c1fa0000, 0x00000000eaab0000)
  object space 32384K, 53% used [0x00000000c0000000,0x00000000c10cfad8,0x00000000c1fa0000)
 PSPermGen       total 21248K, used 5453K [0x00000000bae00000, 0x00000000bc2c0000, 0x00000000c0000000)
  object space 21248K, 25% used [0x00000000bae00000,0x00000000bb353740,0x00000000bc2c0000)
Event: 14.367 GC heap after
Heap after GC invocations=8 (full 0):
 PSYoungGen      total 104128K, used 10297K [0x00000000eaab0000, 0x00000000f21f0000, 0x0000000100000000)
  eden space 93824K, 0% used [0x00000000eaab0000,0x00000000eaab0000,0x00000000f0650000)
  from space 10304K, 99% used [0x00000000f12e0000,0x00000000f1cee640,0x00000000f1cf0000)
  to   space 12864K, 0% used [0x00000000f0650000,0x00000000f0650000,0x00000000f12e0000)
 ParOldGen       total 32384K, used 19683K [0x00000000c0000000, 0x00000000c1fa0000, 0x00000000eaab0000)
  object space 32384K, 60% used [0x00000000c0000000,0x00000000c1338f90,0x00000000c1fa0000)
 PSPermGen       total 21248K, used 5453K [0x00000000bae00000, 0x00000000bc2c0000, 0x00000000c0000000)
  object space 21248K, 25% used [0x00000000bae00000,0x00000000bb353740,0x00000000bc2c0000)
}

