# JRE version: 7.0_07-b11
# Java VM: Java HotSpot(TM) 64-Bit Server VM (23.3-b01 mixed mode windows-amd64 compressed oops)
Heap
 PSYoungGen      total 44608K, used 16174K [0x00000000eaab0000, 0x00000000f0050000, 0x0000000100000000)
  eden space 39552K, 28% used [0x00000000eaab0000,0x00000000eb58ba20,0x00000000ed150000)
  from space 5056K, 100% used [0x00000000edf60000,0x00000000ee450000,0x00000000ee450000)
  to   space 14400K, 0% used [0x00000000ed150000,0x00000000ed150000,0x00000000edf60000)
 ParOldGen       total 54784K, used 36559K [0x00000000c0000000, 0x00000000c3580000, 0x00000000eaab0000)
  object space 54784K, 66% used [0x00000000c0000000,0x00000000c23b3f08,0x00000000c3580000)
 PSPermGen       total 21248K, used 5476K [0x00000000bae00000, 0x00000000bc2c0000, 0x00000000c0000000)
  object space 21248K, 25% used [0x00000000bae00000,0x00000000bb3593f8,0x00000000bc2c0000)
GC Heap History (10 events):
Event: 11.819 GC heap before
{Heap before GC invocations=7 (full 0):
 PSYoungGen      total 52800K, used 52792K [0x00000000eaab0000, 0x00000000ee690000, 0x0000000100000000)
  eden space 47744K, 100% used [0x00000000eaab0000,0x00000000ed950000,0x00000000ed950000)
  from space 5056K, 99% used [0x00000000edf60000,0x00000000ee44e1e0,0x00000000ee450000)
  to   space 6208K, 0% used [0x00000000ed950000,0x00000000ed950000,0x00000000edf60000)
 ParOldGen       total 32384K, used 10932K [0x00000000c0000000, 0x00000000c1fa0000, 0x00000000eaab0000)
  object space 32384K, 33% used [0x00000000c0000000,0x00000000c0aad1b8,0x00000000c1fa0000)
 PSPermGen       total 21248K, used 5431K [0x00000000bae00000, 0x00000000bc2c0000, 0x00000000c0000000)
  object space 21248K, 25% used [0x00000000bae00000,0x00000000bb34de00,0x00000000bc2c0000)
Event: 11.873 GC heap after
Heap after GC invocations=7 (full 0):
 PSYoungGen      total 53952K, used 6200K [0x00000000eaab0000, 0x00000000ee690000, 0x0000000100000000)
  eden space 47744K, 0% used [0x00000000eaab0000,0x00000000eaab0000,0x00000000ed950000)
  from space 6208K, 99% used [0x00000000ed950000,0x00000000edf5e1f0,0x00000000edf60000)
  to   space 5056K, 0% used [0x00000000edf60000,0x00000000edf60000,0x00000000ee450000)
 ParOldGen       total 32384K, used 17560K [0x00000000c0000000, 0x00000000c1fa0000, 0x00000000eaab0000)
  object space 32384K, 54% used [0x00000000c0000000,0x00000000c11260d0,0x00000000c1fa0000)
 PSPermGen       total 21248K, used 5431K [0x00000000bae00000, 0x00000000bc2c0000, 0x00000000c0000000)
  object space 21248K, 25% used [0x00000000bae00000,0x00000000bb34de00,0x00000000bc2c0000)
}
Event: 12.535 GC heap before
{Heap before GC invocations=8 (full 0):
 PSYoungGen      total 53952K, used 53944K [0x00000000eaab0000, 0x00000000ee690000, 0x0000000100000000)
  eden space 47744K, 100% used [0x00000000eaab0000,0x00000000ed950000,0x00000000ed950000)
  from space 6208K, 99% used [0x00000000ed950000,0x00000000edf5e1f0,0x00000000edf60000)
  to   space 5056K, 0% used [0x00000000edf60000,0x00000000edf60000,0x00000000ee450000)
 ParOldGen       total 32384K, used 17560K [0x00000000c0000000, 0x00000000c1fa0000, 0x00000000eaab0000)
  object space 32384K, 54% used [0x00000000c0000000,0x00000000c11260d0,0x00000000c1fa0000)
 PSPermGen       total 21248K, used 5449K [0x00000000bae00000, 0x00000000bc2c0000, 0x00000000c0000000)
  object space 21248K, 25% used [0x00000000bae00000,0x00000000bb352630,0x00000000bc2c0000)
Event: 12.581 GC heap after
Heap after GC invocations=8 (full 0):
 PSYoungGen      total 52800K, used 5028K [0x00000000eaab0000, 0x00000000ee690000, 0x0000000100000000)
  eden space 47744K, 0% used [0x00000000eaab0000,0x00000000eaab0000,0x00000000ed950000)
  from space 5056K, 99% used [0x00000000edf60000,0x00000000ee4493d0,0x00000000ee450000)
  to   space 6208K, 0% used [0x00000000ed950000,0x00000000ed950000,0x00000000edf60000)
 ParOldGen       total 32384K, used 25574K [0x00000000c0000000, 0x00000000c1fa0000, 0x00000000eaab0000)
  object space 32384K, 78% used [0x00000000c0000000,0x00000000c18f9a68,0x00000000c1fa0000)
 PSPermGen       total 21248K, used 5449K [0x00000000bae00000, 0x00000000bc2c0000, 0x00000000c0000000)
  object space 21248K, 25% used [0x00000000bae00000,0x00000000bb352630,0x00000000bc2c0000)
}
Event: 12.581 GC heap before
{Heap before GC invocations=9 (full 1):
 PSYoungGen      total 52800K, used 5028K [0x00000000eaab0000, 0x00000000ee690000, 0x0000000100000000)
  eden space 47744K, 0% used [0x00000000eaab0000,0x00000000eaab0000,0x00000000ed950000)
  from space 5056K, 99% used [0x00000000edf60000,0x00000000ee4493d0,0x00000000ee450000)
  to   space 6208K, 0% used [0x00000000ed950000,0x00000000ed950000,0x00000000edf60000)
 ParOldGen       total 32384K, used 25574K [0x00000000c0000000, 0x00000000c1fa0000, 0x00000000eaab0000)
  object space 32384K, 78% used [0x00000000c0000000,0x00000000c18f9a68,0x00000000c1fa0000)
 PSPermGen       total 21248K, used 5449K [0x00000000bae00000, 0x00000000bc2c0000, 0x00000000c0000000)
  object space 21248K, 25% used [0x00000000bae00000,0x00000000bb352630,0x00000000bc2c0000)
Event: 13.312 GC heap after
Heap after GC invocations=9 (full 1):
 PSYoungGen      total 52800K, used 0K [0x00000000eaab0000, 0x00000000ee690000, 0x0000000100000000)
  eden space 47744K, 0% used [0x00000000eaab0000,0x00000000eaab0000,0x00000000ed950000)
  from space 5056K, 0% used [0x00000000edf60000,0x00000000edf60000,0x00000000ee450000)
  to   space 6208K, 0% used [0x00000000ed950000,0x00000000ed950000,0x00000000edf60000)
 ParOldGen       total 54784K, used 27459K [0x00000000c0000000, 0x00000000c3580000, 0x00000000eaab0000)
  object space 54784K, 50% used [0x00000000c0000000,0x00000000c1ad0c90,0x00000000c3580000)
 PSPermGen       total 21248K, used 5443K [0x00000000bae00000, 0x00000000bc2c0000, 0x00000000c0000000)
  object space 21248K, 25% used [0x00000000bae00000,0x00000000bb350d70,0x00000000bc2c0000)
}
Event: 14.328 GC heap before
{Heap before GC invocations=10 (full 1):
 PSYoungGen      total 52800K, used 47744K [0x00000000eaab0000, 0x00000000ee690000, 0x0000000100000000)
  eden space 47744K, 100% used [0x00000000eaab0000,0x00000000ed950000,0x00000000ed950000)
  from space 5056K, 0% used [0x00000000edf60000,0x00000000edf60000,0x00000000ee450000)
  to   space 6208K, 0% used [0x00000000ed950000,0x00000000ed950000,0x00000000edf60000)
 ParOldGen       total 54784K, used 27459K [0x00000000c0000000, 0x00000000c3580000, 0x00000000eaab0000)
  object space 54784K, 50% used [0x00000000c0000000,0x00000000c1ad0c90,0x00000000c3580000)
 PSPermGen       total 21248K, used 5458K [0x00000000bae00000, 0x00000000bc2c0000, 0x00000000c0000000)
  object space 21248K, 25% used [0x00000000bae00000,0x00000000bb3549c8,0x00000000bc2c0000)
Event: 14.353 GC heap after
Heap after GC invocations=10 (full 1):
 PSYoungGen      total 53952K, used 6208K [0x00000000eaab0000, 0x00000000ee690000, 0x0000000100000000)
  eden space 47744K, 0% used [0x00000000eaab0000,0x00000000eaab0000,0x00000000ed950000)
  from space 6208K, 100% used [0x00000000ed950000,0x00000000edf60000,0x00000000edf60000)
  to   space 5056K, 0% used [0x00000000edf60000,0x00000000edf60000,0x00000000ee450000)
 ParOldGen       total 54784K, used 29517K [0x00000000c0000000, 0x00000000c3580000, 0x00000000eaab0000)
  object space 54784K, 53% used [0x00000000c0000000,0x00000000c1cd36b0,0x00000000c3580000)
 PSPermGen       total 21248K, used 5458K [0x00000000bae00000, 0x00000000bc2c0000, 0x00000000c0000000)
  object space 21248K, 25% used [0x00000000bae00000,0x00000000bb3549c8,0x00000000bc2c0000)
}
Event: 15.025 GC heap before
{Heap before GC invocations=11 (full 1):
 PSYoungGen      total 53952K, used 53952K [0x00000000eaab0000, 0x00000000ee690000, 0x0000000100000000)
  eden space 47744K, 100% used [0x00000000eaab0000,0x00000000ed950000,0x00000000ed950000)
  from space 6208K, 100% used [0x00000000ed950000,0x00000000edf60000,0x00000000edf60000)
  to   space 5056K, 0% used [0x00000000edf60000,0x00000000edf60000,0x00000000ee450000)
 ParOldGen       total 54784K, used 29517K [0x00000000c0000000, 0x00000000c3580000, 0x00000000eaab0000)
  object space 54784K, 53% used [0x00000000c0000000,0x00000000c1cd36b0,0x00000000c3580000)
 PSPermGen       total 21248K, used 5475K [0x00000000bae00000, 0x00000000bc2c0000, 0x00000000c0000000)
  object space 21248K, 25% used [0x00000000bae00000,0x00000000bb358e58,0x00000000bc2c0000)
Event: 15.064 GC heap after
Heap after GC invocations=11 (full 1):
 PSYoungGen      total 44608K, used 5056K [0x00000000eaab0000, 0x00000000f0050000, 0x0000000100000000)
  eden space 39552K, 0% used [0x00000000eaab0000,0x00000000eaab0000,0x00000000ed150000)
  from space 5056K, 100% used [0x00000000edf60000,0x00000000ee450000,0x00000000ee450000)
  to   space 14400K, 0% used [0x00000000ed150000,0x00000000ed150000,0x00000000edf60000)
 ParOldGen       total 54784K, used 36559K [0x00000000c0000000, 0x00000000c3580000, 0x00000000eaab0000)
  object space 54784K, 66% used [0x00000000c0000000,0x00000000c23b3f08,0x00000000c3580000)
 PSPermGen       total 21248K, used 5475K [0x00000000bae00000, 0x00000000bc2c0000, 0x00000000c0000000)
  object space 21248K, 25% used [0x00000000bae00000,0x00000000bb358e58,0x00000000bc2c0000)
}

