# JRE version: 7.0_07-b11
# Java VM: Java HotSpot(TM) 64-Bit Server VM (23.3-b01 mixed mode windows-amd64 compressed oops)
Heap
 PSYoungGen      total 244288K, used 128860K [0x00000000eaab0000, 0x0000000100000000, 0x0000000100000000)
  eden space 139072K, 74% used [0x00000000eaab0000,0x00000000f0f9f250,0x00000000f3280000)
  from space 105216K, 24% used [0x00000000f3280000,0x00000000f4b68000,0x00000000f9940000)
  to   space 102464K, 0% used [0x00000000f9bf0000,0x00000000f9bf0000,0x0000000100000000)
 ParOldGen       total 241536K, used 163502K [0x00000000c0000000, 0x00000000cebe0000, 0x00000000eaab0000)
  object space 241536K, 67% used [0x00000000c0000000,0x00000000c9fab990,0x00000000cebe0000)
 PSPermGen       total 21248K, used 5564K [0x00000000bae00000, 0x00000000bc2c0000, 0x00000000c0000000)
  object space 21248K, 26% used [0x00000000bae00000,0x00000000bb36f350,0x00000000bc2c0000)
GC Heap History (10 events):
Event: 39.998 GC heap before
{Heap before GC invocations=22 (full 4):
 PSYoungGen      total 242944K, used 242911K [0x00000000eaab0000, 0x0000000100000000, 0x0000000100000000)
  eden space 189376K, 100% used [0x00000000eaab0000,0x00000000f63a0000,0x00000000f63a0000)
  from space 53568K, 99% used [0x00000000f63a0000,0x00000000f97e7da0,0x00000000f97f0000)
  to   space 83136K, 0% used [0x00000000faed0000,0x00000000faed0000,0x0000000100000000)
 ParOldGen       total 163136K, used 100437K [0x00000000c0000000, 0x00000000c9f50000, 0x00000000eaab0000)
  object space 163136K, 61% used [0x00000000c0000000,0x00000000c62157d0,0x00000000c9f50000)
 PSPermGen       total 21248K, used 5449K [0x00000000bae00000, 0x00000000bc2c0000, 0x00000000c0000000)
  object space 21248K, 25% used [0x00000000bae00000,0x00000000bb352658,0x00000000bc2c0000)
Event: 40.210 GC heap after
Heap after GC invocations=22 (full 4):
 PSYoungGen      total 257152K, used 60209K [0x00000000eaab0000, 0x0000000100000000, 0x0000000100000000)
  eden space 174016K, 0% used [0x00000000eaab0000,0x00000000eaab0000,0x00000000f54a0000)
  from space 83136K, 72% used [0x00000000faed0000,0x00000000fe99c6a8,0x0000000100000000)
  to   space 87744K, 0% used [0x00000000f54a0000,0x00000000f54a0000,0x00000000faa50000)
 ParOldGen       total 163136K, used 100437K [0x00000000c0000000, 0x00000000c9f50000, 0x00000000eaab0000)
  object space 163136K, 61% used [0x00000000c0000000,0x00000000c62157d0,0x00000000c9f50000)
 PSPermGen       total 21248K, used 5449K [0x00000000bae00000, 0x00000000bc2c0000, 0x00000000c0000000)
  object space 21248K, 25% used [0x00000000bae00000,0x00000000bb352658,0x00000000bc2c0000)
}
Event: 42.793 GC heap before
{Heap before GC invocations=23 (full 4):
 PSYoungGen      total 257152K, used 234225K [0x00000000eaab0000, 0x0000000100000000, 0x0000000100000000)
  eden space 174016K, 100% used [0x00000000eaab0000,0x00000000f54a0000,0x00000000f54a0000)
  from space 83136K, 72% used [0x00000000faed0000,0x00000000fe99c6a8,0x0000000100000000)
  to   space 87744K, 0% used [0x00000000f54a0000,0x00000000f54a0000,0x00000000faa50000)
 ParOldGen       total 163136K, used 100437K [0x00000000c0000000, 0x00000000c9f50000, 0x00000000eaab0000)
  object space 163136K, 61% used [0x00000000c0000000,0x00000000c62157d0,0x00000000c9f50000)
 PSPermGen       total 21248K, used 5509K [0x00000000bae00000, 0x00000000bc2c0000, 0x00000000c0000000)
  object space 21248K, 25% used [0x00000000bae00000,0x00000000bb361438,0x00000000bc2c0000)
Event: 43.603 GC heap after
Heap after GC invocations=23 (full 4):
 PSYoungGen      total 259648K, used 85590K [0x00000000eaab0000, 0x0000000100000000, 0x0000000100000000)
  eden space 174016K, 0% used [0x00000000eaab0000,0x00000000eaab0000,0x00000000f54a0000)
  from space 85632K, 99% used [0x00000000f54a0000,0x00000000fa835b98,0x00000000fa840000)
  to   space 89856K, 0% used [0x00000000fa840000,0x00000000fa840000,0x0000000100000000)
 ParOldGen       total 163136K, used 100437K [0x00000000c0000000, 0x00000000c9f50000, 0x00000000eaab0000)
  object space 163136K, 61% used [0x00000000c0000000,0x00000000c62157d0,0x00000000c9f50000)
 PSPermGen       total 21248K, used 5509K [0x00000000bae00000, 0x00000000bc2c0000, 0x00000000c0000000)
  object space 21248K, 25% used [0x00000000bae00000,0x00000000bb361438,0x00000000bc2c0000)
}
Event: 47.049 GC heap before
{Heap before GC invocations=24 (full 4):
 PSYoungGen      total 259648K, used 259606K [0x00000000eaab0000, 0x0000000100000000, 0x0000000100000000)
  eden space 174016K, 100% used [0x00000000eaab0000,0x00000000f54a0000,0x00000000f54a0000)
  from space 85632K, 99% used [0x00000000f54a0000,0x00000000fa835b98,0x00000000fa840000)
  to   space 89856K, 0% used [0x00000000fa840000,0x00000000fa840000,0x0000000100000000)
 ParOldGen       total 163136K, used 100437K [0x00000000c0000000, 0x00000000c9f50000, 0x00000000eaab0000)
  object space 163136K, 61% used [0x00000000c0000000,0x00000000c62157d0,0x00000000c9f50000)
 PSPermGen       total 21248K, used 5538K [0x00000000bae00000, 0x00000000bc2c0000, 0x00000000c0000000)
  object space 21248K, 26% used [0x00000000bae00000,0x00000000bb368a28,0x00000000bc2c0000)
Event: 47.555 GC heap after
Heap after GC invocations=24 (full 4):
 PSYoungGen      total 228928K, used 70199K [0x00000000eaab0000, 0x0000000100000000, 0x0000000100000000)
  eden space 139072K, 0% used [0x00000000eaab0000,0x00000000eaab0000,0x00000000f3280000)
  from space 89856K, 78% used [0x00000000fa840000,0x00000000feccdfc8,0x0000000100000000)
  to   space 105216K, 0% used [0x00000000f3280000,0x00000000f3280000,0x00000000f9940000)
 ParOldGen       total 163136K, used 141038K [0x00000000c0000000, 0x00000000c9f50000, 0x00000000eaab0000)
  object space 163136K, 86% used [0x00000000c0000000,0x00000000c89bbac0,0x00000000c9f50000)
 PSPermGen       total 21248K, used 5538K [0x00000000bae00000, 0x00000000bc2c0000, 0x00000000c0000000)
  object space 21248K, 26% used [0x00000000bae00000,0x00000000bb368a28,0x00000000bc2c0000)
}
Event: 47.555 GC heap before
{Heap before GC invocations=25 (full 5):
 PSYoungGen      total 228928K, used 70199K [0x00000000eaab0000, 0x0000000100000000, 0x0000000100000000)
  eden space 139072K, 0% used [0x00000000eaab0000,0x00000000eaab0000,0x00000000f3280000)
  from space 89856K, 78% used [0x00000000fa840000,0x00000000feccdfc8,0x0000000100000000)
  to   space 105216K, 0% used [0x00000000f3280000,0x00000000f3280000,0x00000000f9940000)
 ParOldGen       total 163136K, used 141038K [0x00000000c0000000, 0x00000000c9f50000, 0x00000000eaab0000)
  object space 163136K, 86% used [0x00000000c0000000,0x00000000c89bbac0,0x00000000c9f50000)
 PSPermGen       total 21248K, used 5538K [0x00000000bae00000, 0x00000000bc2c0000, 0x00000000c0000000)
  object space 21248K, 26% used [0x00000000bae00000,0x00000000bb368a28,0x00000000bc2c0000)
Event: 50.666 GC heap after
Heap after GC invocations=25 (full 5):
 PSYoungGen      total 228928K, used 5071K [0x00000000eaab0000, 0x0000000100000000, 0x0000000100000000)
  eden space 139072K, 0% used [0x00000000eaab0000,0x00000000eaab0000,0x00000000f3280000)
  from space 89856K, 5% used [0x00000000fa840000,0x00000000fad33db8,0x0000000100000000)
  to   space 105216K, 0% used [0x00000000f3280000,0x00000000f3280000,0x00000000f9940000)
 ParOldGen       total 241536K, used 163134K [0x00000000c0000000, 0x00000000cebe0000, 0x00000000eaab0000)
  object space 241536K, 67% used [0x00000000c0000000,0x00000000c9f4f990,0x00000000cebe0000)
 PSPermGen       total 21248K, used 5537K [0x00000000bae00000, 0x00000000bc2c0000, 0x00000000c0000000)
  object space 21248K, 26% used [0x00000000bae00000,0x00000000bb3685a8,0x00000000bc2c0000)
}
Event: 53.020 GC heap before
{Heap before GC invocations=26 (full 5):
 PSYoungGen      total 228928K, used 144143K [0x00000000eaab0000, 0x0000000100000000, 0x0000000100000000)
  eden space 139072K, 100% used [0x00000000eaab0000,0x00000000f3280000,0x00000000f3280000)
  from space 89856K, 5% used [0x00000000fa840000,0x00000000fad33db8,0x0000000100000000)
  to   space 105216K, 0% used [0x00000000f3280000,0x00000000f3280000,0x00000000f9940000)
 ParOldGen       total 241536K, used 163134K [0x00000000c0000000, 0x00000000cebe0000, 0x00000000eaab0000)
  object space 241536K, 67% used [0x00000000c0000000,0x00000000c9f4f990,0x00000000cebe0000)
 PSPermGen       total 21248K, used 5561K [0x00000000bae00000, 0x00000000bc2c0000, 0x00000000c0000000)
  object space 21248K, 26% used [0x00000000bae00000,0x00000000bb36e6b0,0x00000000bc2c0000)
Event: 53.455 GC heap after
Heap after GC invocations=26 (full 5):
 PSYoungGen      total 244288K, used 25504K [0x00000000eaab0000, 0x0000000100000000, 0x0000000100000000)
  eden space 139072K, 0% used [0x00000000eaab0000,0x00000000eaab0000,0x00000000f3280000)
  from space 105216K, 24% used [0x00000000f3280000,0x00000000f4b68000,0x00000000f9940000)
  to   space 102464K, 0% used [0x00000000f9bf0000,0x00000000f9bf0000,0x0000000100000000)
 ParOldGen       total 241536K, used 163502K [0x00000000c0000000, 0x00000000cebe0000, 0x00000000eaab0000)
  object space 241536K, 67% used [0x00000000c0000000,0x00000000c9fab990,0x00000000cebe0000)
 PSPermGen       total 21248K, used 5561K [0x00000000bae00000, 0x00000000bc2c0000, 0x00000000c0000000)
  object space 21248K, 26% used [0x00000000bae00000,0x00000000bb36e6b0,0x00000000bc2c0000)
}

