# JRE version: 7.0_07-b11
# Java VM: Java HotSpot(TM) 64-Bit Server VM (23.3-b01 mixed mode windows-amd64 compressed oops)
Heap
 PSYoungGen      total 106496K, used 16623K [0x00000000eaab0000, 0x00000000f5ba0000, 0x0000000100000000)
  eden space 93632K, 4% used [0x00000000eaab0000,0x00000000eae5c358,0x00000000f0620000)
  from space 12864K, 99% used [0x00000000f0620000,0x00000000f12afc08,0x00000000f12b0000)
  to   space 15680K, 0% used [0x00000000f4c50000,0x00000000f4c50000,0x00000000f5ba0000)
 ParOldGen       total 32384K, used 22009K [0x00000000c0000000, 0x00000000c1fa0000, 0x00000000eaab0000)
  object space 32384K, 67% used [0x00000000c0000000,0x00000000c157e768,0x00000000c1fa0000)
 PSPermGen       total 21248K, used 5734K [0x00000000bae00000, 0x00000000bc2c0000, 0x00000000c0000000)
  object space 21248K, 26% used [0x00000000bae00000,0x00000000bb399988,0x00000000bc2c0000)
GC Heap History (10 events):
Event: 8.726 GC heap before
{Heap before GC invocations=5 (full 0):
 PSYoungGen      total 26432K, used 26432K [0x00000000eaab0000, 0x00000000ec670000, 0x0000000100000000)
  eden space 24448K, 100% used [0x00000000eaab0000,0x00000000ec290000,0x00000000ec290000)
  from space 1984K, 100% used [0x00000000ec480000,0x00000000ec670000,0x00000000ec670000)
  to   space 1984K, 0% used [0x00000000ec290000,0x00000000ec290000,0x00000000ec480000)
 ParOldGen       total 32384K, used 6841K [0x00000000c0000000, 0x00000000c1fa0000, 0x00000000eaab0000)
  object space 32384K, 21% used [0x00000000c0000000,0x00000000c06ae7c0,0x00000000c1fa0000)
 PSPermGen       total 21248K, used 5376K [0x00000000bae00000, 0x00000000bc2c0000, 0x00000000c0000000)
  object space 21248K, 25% used [0x00000000bae00000,0x00000000bb340248,0x00000000bc2c0000)
Event: 8.749 GC heap after
Heap after GC invocations=5 (full 0):
 PSYoungGen      total 26432K, used 1984K [0x00000000eaab0000, 0x00000000ee530000, 0x0000000100000000)
  eden space 24448K, 0% used [0x00000000eaab0000,0x00000000eaab0000,0x00000000ec290000)
  from space 1984K, 100% used [0x00000000ec290000,0x00000000ec480000,0x00000000ec480000)
  to   space 5504K, 0% used [0x00000000edfd0000,0x00000000edfd0000,0x00000000ee530000)
 ParOldGen       total 32384K, used 10316K [0x00000000c0000000, 0x00000000c1fa0000, 0x00000000eaab0000)
  object space 32384K, 31% used [0x00000000c0000000,0x00000000c0a13088,0x00000000c1fa0000)
 PSPermGen       total 21248K, used 5376K [0x00000000bae00000, 0x00000000bc2c0000, 0x00000000c0000000)
  object space 21248K, 25% used [0x00000000bae00000,0x00000000bb340248,0x00000000bc2c0000)
}
Event: 9.278 GC heap before
{Heap before GC invocations=6 (full 0):
 PSYoungGen      total 26432K, used 26432K [0x00000000eaab0000, 0x00000000ee530000, 0x0000000100000000)
  eden space 24448K, 100% used [0x00000000eaab0000,0x00000000ec290000,0x00000000ec290000)
  from space 1984K, 100% used [0x00000000ec290000,0x00000000ec480000,0x00000000ec480000)
  to   space 5504K, 0% used [0x00000000edfd0000,0x00000000edfd0000,0x00000000ee530000)
 ParOldGen       total 32384K, used 10316K [0x00000000c0000000, 0x00000000c1fa0000, 0x00000000eaab0000)
  object space 32384K, 31% used [0x00000000c0000000,0x00000000c0a13088,0x00000000c1fa0000)
 PSPermGen       total 21248K, used 5395K [0x00000000bae00000, 0x00000000bc2c0000, 0x00000000c0000000)
  object space 21248K, 25% used [0x00000000bae00000,0x00000000bb344c48,0x00000000bc2c0000)
Event: 9.626 GC heap after
Heap after GC invocations=6 (full 0):
 PSYoungGen      total 53632K, used 5487K [0x00000000eaab0000, 0x00000000ee6b0000, 0x0000000100000000)
  eden space 48128K, 0% used [0x00000000eaab0000,0x00000000eaab0000,0x00000000ed9b0000)
  from space 5504K, 99% used [0x00000000edfd0000,0x00000000ee52bc68,0x00000000ee530000)
  to   space 6272K, 0% used [0x00000000ed9b0000,0x00000000ed9b0000,0x00000000edfd0000)
 ParOldGen       total 32384K, used 10580K [0x00000000c0000000, 0x00000000c1fa0000, 0x00000000eaab0000)
  object space 32384K, 32% used [0x00000000c0000000,0x00000000c0a550d0,0x00000000c1fa0000)
 PSPermGen       total 21248K, used 5395K [0x00000000bae00000, 0x00000000bc2c0000, 0x00000000c0000000)
  object space 21248K, 25% used [0x00000000bae00000,0x00000000bb344c48,0x00000000bc2c0000)
}
Event: 11.906 GC heap before
{Heap before GC invocations=7 (full 0):
 PSYoungGen      total 53632K, used 53615K [0x00000000eaab0000, 0x00000000ee6b0000, 0x0000000100000000)
  eden space 48128K, 100% used [0x00000000eaab0000,0x00000000ed9b0000,0x00000000ed9b0000)
  from space 5504K, 99% used [0x00000000edfd0000,0x00000000ee52bc68,0x00000000ee530000)
  to   space 6272K, 0% used [0x00000000ed9b0000,0x00000000ed9b0000,0x00000000edfd0000)
 ParOldGen       total 32384K, used 10580K [0x00000000c0000000, 0x00000000c1fa0000, 0x00000000eaab0000)
  object space 32384K, 32% used [0x00000000c0000000,0x00000000c0a550d0,0x00000000c1fa0000)
 PSPermGen       total 21248K, used 5428K [0x00000000bae00000, 0x00000000bc2c0000, 0x00000000c0000000)
  object space 21248K, 25% used [0x00000000bae00000,0x00000000bb34d058,0x00000000bc2c0000)
Event: 11.977 GC heap after
Heap after GC invocations=7 (full 0):
 PSYoungGen      total 54400K, used 6250K [0x00000000eaab0000, 0x00000000f1cb0000, 0x0000000100000000)
  eden space 48128K, 0% used [0x00000000eaab0000,0x00000000eaab0000,0x00000000ed9b0000)
  from space 6272K, 99% used [0x00000000ed9b0000,0x00000000edfcabb0,0x00000000edfd0000)
  to   space 10240K, 0% used [0x00000000f12b0000,0x00000000f12b0000,0x00000000f1cb0000)
 ParOldGen       total 32384K, used 17185K [0x00000000c0000000, 0x00000000c1fa0000, 0x00000000eaab0000)
  object space 32384K, 53% used [0x00000000c0000000,0x00000000c10c8408,0x00000000c1fa0000)
 PSPermGen       total 21248K, used 5428K [0x00000000bae00000, 0x00000000bc2c0000, 0x00000000c0000000)
  object space 21248K, 25% used [0x00000000bae00000,0x00000000bb34d058,0x00000000bc2c0000)
}
Event: 13.295 GC heap before
{Heap before GC invocations=8 (full 0):
 PSYoungGen      total 54400K, used 54378K [0x00000000eaab0000, 0x00000000f1cb0000, 0x0000000100000000)
  eden space 48128K, 100% used [0x00000000eaab0000,0x00000000ed9b0000,0x00000000ed9b0000)
  from space 6272K, 99% used [0x00000000ed9b0000,0x00000000edfcabb0,0x00000000edfd0000)
  to   space 10240K, 0% used [0x00000000f12b0000,0x00000000f12b0000,0x00000000f1cb0000)
 ParOldGen       total 32384K, used 17185K [0x00000000c0000000, 0x00000000c1fa0000, 0x00000000eaab0000)
  object space 32384K, 53% used [0x00000000c0000000,0x00000000c10c8408,0x00000000c1fa0000)
 PSPermGen       total 21248K, used 5455K [0x00000000bae00000, 0x00000000bc2c0000, 0x00000000c0000000)
  object space 21248K, 25% used [0x00000000bae00000,0x00000000bb353e98,0x00000000bc2c0000)
Event: 13.367 GC heap after
Heap after GC invocations=8 (full 0):
 PSYoungGen      total 103872K, used 10221K [0x00000000eaab0000, 0x00000000f21d0000, 0x0000000100000000)
  eden space 93632K, 0% used [0x00000000eaab0000,0x00000000eaab0000,0x00000000f0620000)
  from space 10240K, 99% used [0x00000000f12b0000,0x00000000f1cab500,0x00000000f1cb0000)
  to   space 12864K, 0% used [0x00000000f0620000,0x00000000f0620000,0x00000000f12b0000)
 ParOldGen       total 32384K, used 19795K [0x00000000c0000000, 0x00000000c1fa0000, 0x00000000eaab0000)
  object space 32384K, 61% used [0x00000000c0000000,0x00000000c1354e20,0x00000000c1fa0000)
 PSPermGen       total 21248K, used 5455K [0x00000000bae00000, 0x00000000bc2c0000, 0x00000000c0000000)
  object space 21248K, 25% used [0x00000000bae00000,0x00000000bb353e98,0x00000000bc2c0000)
}
Event: 16.132 GC heap before
{Heap before GC invocations=9 (full 0):
 PSYoungGen      total 103872K, used 103853K [0x00000000eaab0000, 0x00000000f21d0000, 0x0000000100000000)
  eden space 93632K, 100% used [0x00000000eaab0000,0x00000000f0620000,0x00000000f0620000)
  from space 10240K, 99% used [0x00000000f12b0000,0x00000000f1cab500,0x00000000f1cb0000)
  to   space 12864K, 0% used [0x00000000f0620000,0x00000000f0620000,0x00000000f12b0000)
 ParOldGen       total 32384K, used 19795K [0x00000000c0000000, 0x00000000c1fa0000, 0x00000000eaab0000)
  object space 32384K, 61% used [0x00000000c0000000,0x00000000c1354e20,0x00000000c1fa0000)
 PSPermGen       total 21248K, used 5719K [0x00000000bae00000, 0x00000000bc2c0000, 0x00000000c0000000)
  object space 21248K, 26% used [0x00000000bae00000,0x00000000bb395cb0,0x00000000bc2c0000)
Event: 16.241 GC heap after
Heap after GC invocations=9 (full 0):
 PSYoungGen      total 106496K, used 12863K [0x00000000eaab0000, 0x00000000f5ba0000, 0x0000000100000000)
  eden space 93632K, 0% used [0x00000000eaab0000,0x00000000eaab0000,0x00000000f0620000)
  from space 12864K, 99% used [0x00000000f0620000,0x00000000f12afc08,0x00000000f12b0000)
  to   space 15680K, 0% used [0x00000000f4c50000,0x00000000f4c50000,0x00000000f5ba0000)
 ParOldGen       total 32384K, used 22009K [0x00000000c0000000, 0x00000000c1fa0000, 0x00000000eaab0000)
  object space 32384K, 67% used [0x00000000c0000000,0x00000000c157e768,0x00000000c1fa0000)
 PSPermGen       total 21248K, used 5719K [0x00000000bae00000, 0x00000000bc2c0000, 0x00000000c0000000)
  object space 21248K, 26% used [0x00000000bae00000,0x00000000bb395cb0,0x00000000bc2c0000)
}

