# JRE version: 7.0_07-b11
# Java VM: Java HotSpot(TM) 64-Bit Server VM (23.3-b01 mixed mode windows-amd64 compressed oops)
Heap
 PSYoungGen      total 299264K, used 153227K [0x00000000eaab0000, 0x0000000100000000, 0x0000000100000000)
  eden space 258752K, 55% used [0x00000000eaab0000,0x00000000f35cb000,0x00000000fa760000)
  from space 40512K, 26% used [0x00000000fd870000,0x00000000fe2f7d60,0x0000000100000000)
  to   space 45376K, 0% used [0x00000000fa760000,0x00000000fa760000,0x00000000fd3b0000)
 ParOldGen       total 223296K, used 154367K [0x00000000c0000000, 0x00000000cda10000, 0x00000000eaab0000)
  object space 223296K, 69% used [0x00000000c0000000,0x00000000c96bfe98,0x00000000cda10000)
 PSPermGen       total 21248K, used 5556K [0x00000000bae00000, 0x00000000bc2c0000, 0x00000000c0000000)
  object space 21248K, 26% used [0x00000000bae00000,0x00000000bb36d2e8,0x00000000bc2c0000)
GC Heap History (10 events):
Event: 36.922 GC heap before
{Heap before GC invocations=17 (full 3):
 PSYoungGen      total 271872K, used 253891K [0x00000000eaab0000, 0x0000000100000000, 0x0000000100000000)
  eden space 231424K, 100% used [0x00000000eaab0000,0x00000000f8cb0000,0x00000000f8cb0000)
  from space 40448K, 55% used [0x00000000f8cb0000,0x00000000fa2a0cd0,0x00000000fb430000)
  to   space 39424K, 0% used [0x00000000fd980000,0x00000000fd980000,0x0000000100000000)
 ParOldGen       total 103936K, used 66859K [0x00000000c0000000, 0x00000000c6580000, 0x00000000eaab0000)
  object space 103936K, 64% used [0x00000000c0000000,0x00000000c414acd0,0x00000000c6580000)
 PSPermGen       total 21248K, used 5411K [0x00000000bae00000, 0x00000000bc2c0000, 0x00000000c0000000)
  object space 21248K, 25% used [0x00000000bae00000,0x00000000bb348c28,0x00000000bc2c0000)
Event: 37.037 GC heap after
Heap after GC invocations=17 (full 3):
 PSYoungGen      total 305600K, used 15792K [0x00000000eaab0000, 0x00000000ffca0000, 0x0000000100000000)
  eden space 269632K, 0% used [0x00000000eaab0000,0x00000000eaab0000,0x00000000fb200000)
  from space 35968K, 43% used [0x00000000fd980000,0x00000000fe8ec1f8,0x00000000ffca0000)
  to   space 38208K, 0% used [0x00000000fb200000,0x00000000fb200000,0x00000000fd750000)
 ParOldGen       total 103936K, used 81812K [0x00000000c0000000, 0x00000000c6580000, 0x00000000eaab0000)
  object space 103936K, 78% used [0x00000000c0000000,0x00000000c4fe51f8,0x00000000c6580000)
 PSPermGen       total 21248K, used 5411K [0x00000000bae00000, 0x00000000bc2c0000, 0x00000000c0000000)
  object space 21248K, 25% used [0x00000000bae00000,0x00000000bb348c28,0x00000000bc2c0000)
}
Event: 37.037 GC heap before
{Heap before GC invocations=18 (full 4):
 PSYoungGen      total 305600K, used 15792K [0x00000000eaab0000, 0x00000000ffca0000, 0x0000000100000000)
  eden space 269632K, 0% used [0x00000000eaab0000,0x00000000eaab0000,0x00000000fb200000)
  from space 35968K, 43% used [0x00000000fd980000,0x00000000fe8ec1f8,0x00000000ffca0000)
  to   space 38208K, 0% used [0x00000000fb200000,0x00000000fb200000,0x00000000fd750000)
 ParOldGen       total 103936K, used 81812K [0x00000000c0000000, 0x00000000c6580000, 0x00000000eaab0000)
  object space 103936K, 78% used [0x00000000c0000000,0x00000000c4fe51f8,0x00000000c6580000)
 PSPermGen       total 21248K, used 5411K [0x00000000bae00000, 0x00000000bc2c0000, 0x00000000c0000000)
  object space 21248K, 25% used [0x00000000bae00000,0x00000000bb348c28,0x00000000bc2c0000)
Event: 38.391 GC heap after
Heap after GC invocations=18 (full 4):
 PSYoungGen      total 305600K, used 0K [0x00000000eaab0000, 0x00000000ffca0000, 0x0000000100000000)
  eden space 269632K, 0% used [0x00000000eaab0000,0x00000000eaab0000,0x00000000fb200000)
  from space 35968K, 0% used [0x00000000fd980000,0x00000000fd980000,0x00000000ffca0000)
  to   space 38208K, 0% used [0x00000000fb200000,0x00000000fb200000,0x00000000fd750000)
 ParOldGen       total 154368K, used 97149K [0x00000000c0000000, 0x00000000c96c0000, 0x00000000eaab0000)
  object space 154368K, 62% used [0x00000000c0000000,0x00000000c5edf520,0x00000000c96c0000)
 PSPermGen       total 21248K, used 5410K [0x00000000bae00000, 0x00000000bc2c0000, 0x00000000c0000000)
  object space 21248K, 25% used [0x00000000bae00000,0x00000000bb348b28,0x00000000bc2c0000)
}
Event: 44.054 GC heap before
{Heap before GC invocations=19 (full 4):
 PSYoungGen      total 305600K, used 269632K [0x00000000eaab0000, 0x00000000ffca0000, 0x0000000100000000)
  eden space 269632K, 100% used [0x00000000eaab0000,0x00000000fb200000,0x00000000fb200000)
  from space 35968K, 0% used [0x00000000fd980000,0x00000000fd980000,0x00000000ffca0000)
  to   space 38208K, 0% used [0x00000000fb200000,0x00000000fb200000,0x00000000fd750000)
 ParOldGen       total 154368K, used 97149K [0x00000000c0000000, 0x00000000c96c0000, 0x00000000eaab0000)
  object space 154368K, 62% used [0x00000000c0000000,0x00000000c5edf520,0x00000000c96c0000)
 PSPermGen       total 21248K, used 5454K [0x00000000bae00000, 0x00000000bc2c0000, 0x00000000c0000000)
  object space 21248K, 25% used [0x00000000bae00000,0x00000000bb353938,0x00000000bc2c0000)
Event: 44.619 GC heap after
Heap after GC invocations=19 (full 4):
 PSYoungGen      total 307840K, used 30847K [0x00000000eaab0000, 0x0000000100000000, 0x0000000100000000)
  eden space 269632K, 0% used [0x00000000eaab0000,0x00000000eaab0000,0x00000000fb200000)
  from space 38208K, 80% used [0x00000000fb200000,0x00000000fd01fef8,0x00000000fd750000)
  to   space 40512K, 0% used [0x00000000fd870000,0x00000000fd870000,0x0000000100000000)
 ParOldGen       total 154368K, used 97149K [0x00000000c0000000, 0x00000000c96c0000, 0x00000000eaab0000)
  object space 154368K, 62% used [0x00000000c0000000,0x00000000c5edf520,0x00000000c96c0000)
 PSPermGen       total 21248K, used 5454K [0x00000000bae00000, 0x00000000bc2c0000, 0x00000000c0000000)
  object space 21248K, 25% used [0x00000000bae00000,0x00000000bb353938,0x00000000bc2c0000)
}
Event: 48.827 GC heap before
{Heap before GC invocations=20 (full 4):
 PSYoungGen      total 307840K, used 300479K [0x00000000eaab0000, 0x0000000100000000, 0x0000000100000000)
  eden space 269632K, 100% used [0x00000000eaab0000,0x00000000fb200000,0x00000000fb200000)
  from space 38208K, 80% used [0x00000000fb200000,0x00000000fd01fef8,0x00000000fd750000)
  to   space 40512K, 0% used [0x00000000fd870000,0x00000000fd870000,0x0000000100000000)
 ParOldGen       total 154368K, used 97149K [0x00000000c0000000, 0x00000000c96c0000, 0x00000000eaab0000)
  object space 154368K, 62% used [0x00000000c0000000,0x00000000c5edf520,0x00000000c96c0000)
 PSPermGen       total 21248K, used 5535K [0x00000000bae00000, 0x00000000bc2c0000, 0x00000000c0000000)
  object space 21248K, 26% used [0x00000000bae00000,0x00000000bb367e00,0x00000000bc2c0000)
Event: 49.481 GC heap after
Heap after GC invocations=20 (full 4):
 PSYoungGen      total 299264K, used 39134K [0x00000000eaab0000, 0x0000000100000000, 0x0000000100000000)
  eden space 258752K, 0% used [0x00000000eaab0000,0x00000000eaab0000,0x00000000fa760000)
  from space 40512K, 96% used [0x00000000fd870000,0x00000000ffea7818,0x0000000100000000)
  to   space 45376K, 0% used [0x00000000fa760000,0x00000000fa760000,0x00000000fd3b0000)
 ParOldGen       total 154368K, used 127240K [0x00000000c0000000, 0x00000000c96c0000, 0x00000000eaab0000)
  object space 154368K, 82% used [0x00000000c0000000,0x00000000c7c42290,0x00000000c96c0000)
 PSPermGen       total 21248K, used 5535K [0x00000000bae00000, 0x00000000bc2c0000, 0x00000000c0000000)
  object space 21248K, 26% used [0x00000000bae00000,0x00000000bb367e00,0x00000000bc2c0000)
}
Event: 49.482 GC heap before
{Heap before GC invocations=21 (full 5):
 PSYoungGen      total 299264K, used 39134K [0x00000000eaab0000, 0x0000000100000000, 0x0000000100000000)
  eden space 258752K, 0% used [0x00000000eaab0000,0x00000000eaab0000,0x00000000fa760000)
  from space 40512K, 96% used [0x00000000fd870000,0x00000000ffea7818,0x0000000100000000)
  to   space 45376K, 0% used [0x00000000fa760000,0x00000000fa760000,0x00000000fd3b0000)
 ParOldGen       total 154368K, used 127240K [0x00000000c0000000, 0x00000000c96c0000, 0x00000000eaab0000)
  object space 154368K, 82% used [0x00000000c0000000,0x00000000c7c42290,0x00000000c96c0000)
 PSPermGen       total 21248K, used 5535K [0x00000000bae00000, 0x00000000bc2c0000, 0x00000000c0000000)
  object space 21248K, 26% used [0x00000000bae00000,0x00000000bb367e00,0x00000000bc2c0000)
Event: 51.962 GC heap after
Heap after GC invocations=21 (full 5):
 PSYoungGen      total 299264K, used 10783K [0x00000000eaab0000, 0x0000000100000000, 0x0000000100000000)
  eden space 258752K, 0% used [0x00000000eaab0000,0x00000000eaab0000,0x00000000fa760000)
  from space 40512K, 26% used [0x00000000fd870000,0x00000000fe2f7d60,0x0000000100000000)
  to   space 45376K, 0% used [0x00000000fa760000,0x00000000fa760000,0x00000000fd3b0000)
 ParOldGen       total 223296K, used 154367K [0x00000000c0000000, 0x00000000cda10000, 0x00000000eaab0000)
  object space 223296K, 69% used [0x00000000c0000000,0x00000000c96bfe98,0x00000000cda10000)
 PSPermGen       total 21248K, used 5534K [0x00000000bae00000, 0x00000000bc2c0000, 0x00000000c0000000)
  object space 21248K, 26% used [0x00000000bae00000,0x00000000bb367a80,0x00000000bc2c0000)
}

