# JRE version: 7.0_07-b11
# Java VM: Java HotSpot(TM) 64-Bit Server VM (23.3-b01 mixed mode windows-amd64 compressed oops)
Heap
 PSYoungGen      total 140608K, used 124895K [0x00000000eaab0000, 0x00000000f84f0000, 0x0000000100000000)
  eden space 84032K, 100% used [0x00000000eaab0000,0x00000000efcc0000,0x00000000efcc0000)
  from space 56576K, 72% used [0x00000000efcc0000,0x00000000f24a7cf0,0x00000000f3400000)
  to   space 59456K, 0% used [0x00000000f4ae0000,0x00000000f4ae0000,0x00000000f84f0000)
 ParOldGen       total 111104K, used 39549K [0x00000000c0000000, 0x00000000c6c80000, 0x00000000eaab0000)
  object space 111104K, 35% used [0x00000000c0000000,0x00000000c269f660,0x00000000c6c80000)
 PSPermGen       total 21248K, used 5399K [0x00000000bae00000, 0x00000000bc2c0000, 0x00000000c0000000)
  object space 21248K, 25% used [0x00000000bae00000,0x00000000bb345f78,0x00000000bc2c0000)
GC Heap History (10 events):
Event: 25.819 GC heap before
{Heap before GC invocations=17 (full 3):
 PSYoungGen      total 95040K, used 67217K [0x00000000eaab0000, 0x00000000f3bf0000, 0x0000000100000000)
  eden space 50880K, 100% used [0x00000000eaab0000,0x00000000edc60000,0x00000000edc60000)
  from space 44160K, 36% used [0x00000000edc60000,0x00000000eec54660,0x00000000f0780000)
  to   space 41920K, 0% used [0x00000000f1300000,0x00000000f1300000,0x00000000f3bf0000)
 ParOldGen       total 102464K, used 48235K [0x00000000c0000000, 0x00000000c6410000, 0x00000000eaab0000)
  object space 102464K, 47% used [0x00000000c0000000,0x00000000c2f1acc0,0x00000000c6410000)
 PSPermGen       total 21248K, used 5353K [0x00000000bae00000, 0x00000000bc2c0000, 0x00000000c0000000)
  object space 21248K, 25% used [0x00000000bae00000,0x00000000bb33a4a0,0x00000000bc2c0000)
Event: 26.109 GC heap after
Heap after GC invocations=17 (full 3):
 PSYoungGen      total 101952K, used 37624K [0x00000000eaab0000, 0x00000000f4560000, 0x0000000100000000)
  eden space 60032K, 0% used [0x00000000eaab0000,0x00000000eaab0000,0x00000000ee550000)
  from space 41920K, 89% used [0x00000000f1300000,0x00000000f37be0d8,0x00000000f3bf0000)
  to   space 46784K, 0% used [0x00000000ee550000,0x00000000ee550000,0x00000000f1300000)
 ParOldGen       total 102464K, used 48235K [0x00000000c0000000, 0x00000000c6410000, 0x00000000eaab0000)
  object space 102464K, 47% used [0x00000000c0000000,0x00000000c2f1acc0,0x00000000c6410000)
 PSPermGen       total 21248K, used 5353K [0x00000000bae00000, 0x00000000bc2c0000, 0x00000000c0000000)
  object space 21248K, 25% used [0x00000000bae00000,0x00000000bb33a4a0,0x00000000bc2c0000)
}
Event: 26.461 GC heap before
{Heap before GC invocations=18 (full 3):
 PSYoungGen      total 101952K, used 97656K [0x00000000eaab0000, 0x00000000f4560000, 0x0000000100000000)
  eden space 60032K, 100% used [0x00000000eaab0000,0x00000000ee550000,0x00000000ee550000)
  from space 41920K, 89% used [0x00000000f1300000,0x00000000f37be0d8,0x00000000f3bf0000)
  to   space 46784K, 0% used [0x00000000ee550000,0x00000000ee550000,0x00000000f1300000)
 ParOldGen       total 102464K, used 48235K [0x00000000c0000000, 0x00000000c6410000, 0x00000000eaab0000)
  object space 102464K, 47% used [0x00000000c0000000,0x00000000c2f1acc0,0x00000000c6410000)
 PSPermGen       total 21248K, used 5353K [0x00000000bae00000, 0x00000000bc2c0000, 0x00000000c0000000)
  object space 21248K, 25% used [0x00000000bae00000,0x00000000bb33a4a0,0x00000000bc2c0000)
Event: 26.671 GC heap after
Heap after GC invocations=18 (full 3):
 PSYoungGen      total 106816K, used 46755K [0x00000000eaab0000, 0x00000000f70d0000, 0x0000000100000000)
  eden space 60032K, 0% used [0x00000000eaab0000,0x00000000eaab0000,0x00000000ee550000)
  from space 46784K, 99% used [0x00000000ee550000,0x00000000f12f8cc8,0x00000000f1300000)
  to   space 60096K, 0% used [0x00000000f3620000,0x00000000f3620000,0x00000000f70d0000)
 ParOldGen       total 102464K, used 64869K [0x00000000c0000000, 0x00000000c6410000, 0x00000000eaab0000)
  object space 102464K, 63% used [0x00000000c0000000,0x00000000c3f597b0,0x00000000c6410000)
 PSPermGen       total 21248K, used 5353K [0x00000000bae00000, 0x00000000bc2c0000, 0x00000000c0000000)
  object space 21248K, 25% used [0x00000000bae00000,0x00000000bb33a4a0,0x00000000bc2c0000)
}
Event: 27.973 GC heap before
{Heap before GC invocations=19 (full 3):
 PSYoungGen      total 106816K, used 106787K [0x00000000eaab0000, 0x00000000f70d0000, 0x0000000100000000)
  eden space 60032K, 100% used [0x00000000eaab0000,0x00000000ee550000,0x00000000ee550000)
  from space 46784K, 99% used [0x00000000ee550000,0x00000000f12f8cc8,0x00000000f1300000)
  to   space 60096K, 0% used [0x00000000f3620000,0x00000000f3620000,0x00000000f70d0000)
 ParOldGen       total 102464K, used 64869K [0x00000000c0000000, 0x00000000c6410000, 0x00000000eaab0000)
  object space 102464K, 63% used [0x00000000c0000000,0x00000000c3f597b0,0x00000000c6410000)
 PSPermGen       total 21248K, used 5362K [0x00000000bae00000, 0x00000000bc2c0000, 0x00000000c0000000)
  object space 21248K, 25% used [0x00000000bae00000,0x00000000bb33cb10,0x00000000bc2c0000)
Event: 28.422 GC heap after
Heap after GC invocations=19 (full 3):
 PSYoungGen      total 138432K, used 24537K [0x00000000eaab0000, 0x00000000f6b40000, 0x0000000100000000)
  eden space 84032K, 0% used [0x00000000eaab0000,0x00000000eaab0000,0x00000000efcc0000)
  from space 54400K, 45% used [0x00000000f3620000,0x00000000f4e164a8,0x00000000f6b40000)
  to   space 56576K, 0% used [0x00000000efcc0000,0x00000000efcc0000,0x00000000f3400000)
 ParOldGen       total 102464K, used 99518K [0x00000000c0000000, 0x00000000c6410000, 0x00000000eaab0000)
  object space 102464K, 97% used [0x00000000c0000000,0x00000000c612f998,0x00000000c6410000)
 PSPermGen       total 21248K, used 5362K [0x00000000bae00000, 0x00000000bc2c0000, 0x00000000c0000000)
  object space 21248K, 25% used [0x00000000bae00000,0x00000000bb33cb10,0x00000000bc2c0000)
}
Event: 28.422 GC heap before
{Heap before GC invocations=20 (full 4):
 PSYoungGen      total 138432K, used 24537K [0x00000000eaab0000, 0x00000000f6b40000, 0x0000000100000000)
  eden space 84032K, 0% used [0x00000000eaab0000,0x00000000eaab0000,0x00000000efcc0000)
  from space 54400K, 45% used [0x00000000f3620000,0x00000000f4e164a8,0x00000000f6b40000)
  to   space 56576K, 0% used [0x00000000efcc0000,0x00000000efcc0000,0x00000000f3400000)
 ParOldGen       total 102464K, used 99518K [0x00000000c0000000, 0x00000000c6410000, 0x00000000eaab0000)
  object space 102464K, 97% used [0x00000000c0000000,0x00000000c612f998,0x00000000c6410000)
 PSPermGen       total 21248K, used 5362K [0x00000000bae00000, 0x00000000bc2c0000, 0x00000000c0000000)
  object space 21248K, 25% used [0x00000000bae00000,0x00000000bb33cb10,0x00000000bc2c0000)
Event: 29.381 GC heap after
Heap after GC invocations=20 (full 4):
 PSYoungGen      total 138432K, used 0K [0x00000000eaab0000, 0x00000000f6b40000, 0x0000000100000000)
  eden space 84032K, 0% used [0x00000000eaab0000,0x00000000eaab0000,0x00000000efcc0000)
  from space 54400K, 0% used [0x00000000f3620000,0x00000000f3620000,0x00000000f6b40000)
  to   space 56576K, 0% used [0x00000000efcc0000,0x00000000efcc0000,0x00000000f3400000)
 ParOldGen       total 111104K, used 39549K [0x00000000c0000000, 0x00000000c6c80000, 0x00000000eaab0000)
  object space 111104K, 35% used [0x00000000c0000000,0x00000000c269f660,0x00000000c6c80000)
 PSPermGen       total 21248K, used 5362K [0x00000000bae00000, 0x00000000bc2c0000, 0x00000000c0000000)
  object space 21248K, 25% used [0x00000000bae00000,0x00000000bb33c8f0,0x00000000bc2c0000)
}
Event: 33.196 GC heap before
{Heap before GC invocations=21 (full 4):
 PSYoungGen      total 138432K, used 84032K [0x00000000eaab0000, 0x00000000f6b40000, 0x0000000100000000)
  eden space 84032K, 100% used [0x00000000eaab0000,0x00000000efcc0000,0x00000000efcc0000)
  from space 54400K, 0% used [0x00000000f3620000,0x00000000f3620000,0x00000000f6b40000)
  to   space 56576K, 0% used [0x00000000efcc0000,0x00000000efcc0000,0x00000000f3400000)
 ParOldGen       total 111104K, used 39549K [0x00000000c0000000, 0x00000000c6c80000, 0x00000000eaab0000)
  object space 111104K, 35% used [0x00000000c0000000,0x00000000c269f660,0x00000000c6c80000)
 PSPermGen       total 21248K, used 5396K [0x00000000bae00000, 0x00000000bc2c0000, 0x00000000c0000000)
  object space 21248K, 25% used [0x00000000bae00000,0x00000000bb3453b0,0x00000000bc2c0000)
Event: 33.589 GC heap after
Heap after GC invocations=21 (full 4):
 PSYoungGen      total 140608K, used 40863K [0x00000000eaab0000, 0x00000000f84f0000, 0x0000000100000000)
  eden space 84032K, 0% used [0x00000000eaab0000,0x00000000eaab0000,0x00000000efcc0000)
  from space 56576K, 72% used [0x00000000efcc0000,0x00000000f24a7cf0,0x00000000f3400000)
  to   space 59456K, 0% used [0x00000000f4ae0000,0x00000000f4ae0000,0x00000000f84f0000)
 ParOldGen       total 111104K, used 39549K [0x00000000c0000000, 0x00000000c6c80000, 0x00000000eaab0000)
  object space 111104K, 35% used [0x00000000c0000000,0x00000000c269f660,0x00000000c6c80000)
 PSPermGen       total 21248K, used 5396K [0x00000000bae00000, 0x00000000bc2c0000, 0x00000000c0000000)
  object space 21248K, 25% used [0x00000000bae00000,0x00000000bb3453b0,0x00000000bc2c0000)
}

